<?xml version="1.0" encoding="UTF-8"?>
<testsuites>
  <testsuite name="Usuario Test Suite" tests="9" assertions="28" failures="0" errors="0" time="1.179868">
    <testsuite name="PessoaControllerTest" file="/Users/eduardojunior/Websites/ieducar2/www/module/Usuario/tests/src/Usuario/Controller/PessoaControllerTest.php" tests="9" assertions="28" failures="0" errors="0" time="1.179868">
      <testcase name="testPessoaIndexAction" class="PessoaControllerTest" file="/Users/eduardojunior/Websites/ieducar2/www/module/Usuario/tests/src/Usuario/Controller/PessoaControllerTest.php" line="32" assertions="5" time="0.229229"/>
      <testcase name="testPessoaSaveActionNewRequest" class="PessoaControllerTest" file="/Users/eduardojunior/Websites/ieducar2/www/module/Usuario/tests/src/Usuario/Controller/PessoaControllerTest.php" line="70" assertions="5" time="0.105381"/>
      <testcase name="testPessoaSaveActionUpdateFormRequest" class="PessoaControllerTest" file="/Users/eduardojunior/Websites/ieducar2/www/module/Usuario/tests/src/Usuario/Controller/PessoaControllerTest.php" line="99" assertions="6" time="0.108551"/>
      <testcase name="testPessoaSaveActionPostRequest" class="PessoaControllerTest" file="/Users/eduardojunior/Websites/ieducar2/www/module/Usuario/tests/src/Usuario/Controller/PessoaControllerTest.php" line="134" assertions="2" time="0.117980"/>
      <testcase name="testPessoaUpdateAction" class="PessoaControllerTest" file="/Users/eduardojunior/Websites/ieducar2/www/module/Usuario/tests/src/Usuario/Controller/PessoaControllerTest.php" line="161" assertions="2" time="0.124579"/>
      <testcase name="testPessoaSaveActionInvalidPostRequest" class="PessoaControllerTest" file="/Users/eduardojunior/Websites/ieducar2/www/module/Usuario/tests/src/Usuario/Controller/PessoaControllerTest.php" line="195" assertions="2" time="0.128615"/>
      <testcase name="testPessoaInvalidDeleteAction" class="PessoaControllerTest" file="/Users/eduardojunior/Websites/ieducar2/www/module/Usuario/tests/src/Usuario/Controller/PessoaControllerTest.php" line="225" assertions="2" time="0.118150"/>
      <testcase name="testPessoaDeleteAction" class="PessoaControllerTest" file="/Users/eduardojunior/Websites/ieducar2/www/module/Usuario/tests/src/Usuario/Controller/PessoaControllerTest.php" line="241" assertions="2" time="0.123815"/>
      <testcase name="testPessoaInvalidIdDeleteAction" class="PessoaControllerTest" file="/Users/eduardojunior/Websites/ieducar2/www/module/Usuario/tests/src/Usuario/Controller/PessoaControllerTest.php" line="270" assertions="2" time="0.123568"/>
    </testsuite>
  </testsuite>
</testsuites>
