<?xml version="1.0" encoding="UTF-8"?>
<testsuites>
  <testsuite name="Usuario Test Suite" tests="16" assertions="44" failures="0" errors="0" time="33.600193">
    <testsuite name="EscolaridadeControllerTest" file="/Users/eduardojunior/Websites/ieducar2/www/module/Usuario/tests/src/Usuario/Controller/EscolaridadeControllerTest.php" tests="9" assertions="30" failures="0" errors="0" time="25.677189">
      <testcase name="testEscolaridadeIndexAction" class="EscolaridadeControllerTest" file="/Users/eduardojunior/Websites/ieducar2/www/module/Usuario/tests/src/Usuario/Controller/EscolaridadeControllerTest.php" line="29" assertions="5" time="14.733398"/>
      <testcase name="testEscolaridadeSaveActionNewRequest" class="EscolaridadeControllerTest" file="/Users/eduardojunior/Websites/ieducar2/www/module/Usuario/tests/src/Usuario/Controller/EscolaridadeControllerTest.php" line="68" assertions="7" time="1.658174"/>
      <testcase name="testEscolaridadeSaveActionUpdateFormRequest" class="EscolaridadeControllerTest" file="/Users/eduardojunior/Websites/ieducar2/www/module/Usuario/tests/src/Usuario/Controller/EscolaridadeControllerTest.php" line="101" assertions="6" time="1.004177"/>
      <testcase name="testEscolaridadeSaveActionPostRequest" class="EscolaridadeControllerTest" file="/Users/eduardojunior/Websites/ieducar2/www/module/Usuario/tests/src/Usuario/Controller/EscolaridadeControllerTest.php" line="138" assertions="2" time="1.221587"/>
      <testcase name="testEscolaridadeUpdateAction" class="EscolaridadeControllerTest" file="/Users/eduardojunior/Websites/ieducar2/www/module/Usuario/tests/src/Usuario/Controller/EscolaridadeControllerTest.php" line="161" assertions="2" time="1.053070"/>
      <testcase name="testEscolaridadeSaveActionInvalidPostRequest" class="EscolaridadeControllerTest" file="/Users/eduardojunior/Websites/ieducar2/www/module/Usuario/tests/src/Usuario/Controller/EscolaridadeControllerTest.php" line="193" assertions="2" time="1.934478"/>
      <testcase name="testEscolaridadeInvalidDeleteAction" class="EscolaridadeControllerTest" file="/Users/eduardojunior/Websites/ieducar2/www/module/Usuario/tests/src/Usuario/Controller/EscolaridadeControllerTest.php" line="226" assertions="2" time="1.806021"/>
      <testcase name="testEscolaridadeDeleteAction" class="EscolaridadeControllerTest" file="/Users/eduardojunior/Websites/ieducar2/www/module/Usuario/tests/src/Usuario/Controller/EscolaridadeControllerTest.php" line="243" assertions="2" time="1.342927"/>
      <testcase name="testEscolaridadeInvalidIdDeleteAction" class="EscolaridadeControllerTest" file="/Users/eduardojunior/Websites/ieducar2/www/module/Usuario/tests/src/Usuario/Controller/EscolaridadeControllerTest.php" line="274" assertions="2" time="0.923357"/>
    </testsuite>
    <testsuite name="EstadoCivilControllerTest" file="/Users/eduardojunior/Websites/ieducar2/www/module/Usuario/tests/src/Usuario/Controller/EstadoCivilControllerTest.php" tests="0" assertions="0" failures="0" errors="0" time="0.000000"/>
    <testsuite name="FisicaControllerTest" file="/Users/eduardojunior/Websites/ieducar2/www/module/Usuario/tests/src/Usuario/Controller/FisicaControllerTest.php" tests="0" assertions="0" failures="0" errors="0" time="0.000000"/>
    <testsuite name="JuridicaControllerTest" file="/Users/eduardojunior/Websites/ieducar2/www/module/Usuario/tests/src/Usuario/Controller/JuridicaControllerTest.php" tests="0" assertions="0" failures="0" errors="0" time="0.000000"/>
    <testsuite name="OcupacaoControllerTest" file="/Users/eduardojunior/Websites/ieducar2/www/module/Usuario/tests/src/Usuario/Controller/OcupacaoControllerTest.php" tests="0" assertions="0" failures="0" errors="0" time="0.000000"/>
    <testsuite name="PessoaControllerTest" file="/Users/eduardojunior/Websites/ieducar2/www/module/Usuario/tests/src/Usuario/Controller/PessoaControllerTest.php" tests="0" assertions="0" failures="0" errors="0" time="0.000000"/>
    <testsuite name="ReligiaoControllerTest" file="/Users/eduardojunior/Websites/ieducar2/www/module/Usuario/tests/src/Usuario/Controller/ReligiaoControllerTest.php" tests="1" assertions="2" failures="0" errors="0" time="1.050223">
      <testcase name="testEscolaridadeSaveActionInvalidPostRequest" class="ReligiaoControllerTest" file="/Users/eduardojunior/Websites/ieducar2/www/module/Usuario/tests/src/Usuario/Controller/ReligiaoControllerTest.php" line="198" assertions="2" time="1.050223"/>
    </testsuite>
    <testsuite name="Usuario\Entity\EscolaridadeTest" file="/Users/eduardojunior/Websites/ieducar2/www/module/Usuario/tests/src/Usuario/Entity/EscolaridadeTest.php" namespace="Usuario\Entity" fullPackage="Usuario.Entity" tests="6" assertions="12" failures="0" errors="0" time="6.872781">
      <testcase name="testGetInputFilter" class="Usuario\Entity\EscolaridadeTest" file="/Users/eduardojunior/Websites/ieducar2/www/module/Usuario/tests/src/Usuario/Entity/EscolaridadeTest.php" line="21" assertions="1" time="1.026558"/>
      <testcase name="testInputFilterValid" class="Usuario\Entity\EscolaridadeTest" file="/Users/eduardojunior/Websites/ieducar2/www/module/Usuario/tests/src/Usuario/Entity/EscolaridadeTest.php" line="33" assertions="3" time="1.485583"/>
      <testcase name="testInsert" class="Usuario\Entity\EscolaridadeTest" file="/Users/eduardojunior/Websites/ieducar2/www/module/Usuario/tests/src/Usuario/Entity/EscolaridadeTest.php" line="44" assertions="4" time="1.038682"/>
      <testcase name="testInputFilterInvalidDescricao" class="Usuario\Entity\EscolaridadeTest" file="/Users/eduardojunior/Websites/ieducar2/www/module/Usuario/tests/src/Usuario/Entity/EscolaridadeTest.php" line="65" assertions="1" time="1.258009"/>
      <testcase name="testUpdate" class="Usuario\Entity\EscolaridadeTest" file="/Users/eduardojunior/Websites/ieducar2/www/module/Usuario/tests/src/Usuario/Entity/EscolaridadeTest.php" line="76" assertions="2" time="1.068031"/>
      <testcase name="testDelete" class="Usuario\Entity\EscolaridadeTest" file="/Users/eduardojunior/Websites/ieducar2/www/module/Usuario/tests/src/Usuario/Entity/EscolaridadeTest.php" line="95" assertions="1" time="0.995918"/>
    </testsuite>
    <testsuite name="Usuario\Entity\EstadoCivilTest" file="/Users/eduardojunior/Websites/ieducar2/www/module/Usuario/tests/src/Usuario/Entity/EstadoCivilTest.php" namespace="Usuario\Entity" fullPackage="Usuario.Entity" tests="0" assertions="0" failures="0" errors="0" time="0.000000"/>
    <testsuite name="Usuario\Entity\FisicaTest" file="/Users/eduardojunior/Websites/ieducar2/www/module/Usuario/tests/src/Usuario/Entity/FisicaTest.php" namespace="Usuario\Entity" fullPackage="Usuario.Entity" tests="0" assertions="0" failures="0" errors="0" time="0.000000"/>
    <testsuite name="Usuario\Entity\JuridicaTest" file="/Users/eduardojunior/Websites/ieducar2/www/module/Usuario/tests/src/Usuario/Entity/JuridicaTest.php" namespace="Usuario\Entity" fullPackage="Usuario.Entity" tests="0" assertions="0" failures="0" errors="0" time="0.000000"/>
    <testsuite name="Usuario\Entity\OcupacaoTest" file="/Users/eduardojunior/Websites/ieducar2/www/module/Usuario/tests/src/Usuario/Entity/OcupacaoTest.php" namespace="Usuario\Entity" fullPackage="Usuario.Entity" tests="0" assertions="0" failures="0" errors="0" time="0.000000"/>
    <testsuite name="Usuario\Entity\PessoaTest" file="/Users/eduardojunior/Websites/ieducar2/www/module/Usuario/tests/src/Usuario/Entity/PessoaTest.php" namespace="Usuario\Entity" fullPackage="Usuario.Entity" tests="0" assertions="0" failures="0" errors="0" time="0.000000"/>
    <testsuite name="Usuario\Entity\ReligiaoTest" file="/Users/eduardojunior/Websites/ieducar2/www/module/Usuario/tests/src/Usuario/Entity/ReligiaoTest.php" namespace="Usuario\Entity" fullPackage="Usuario.Entity" tests="0" assertions="0" failures="0" errors="0" time="0.000000"/>
  </testsuite>
</testsuites>
