<?xml version="1.0" encoding="UTF-8"?>
<testsuites>
  <testsuite name="Usuario Test Suite" tests="1" assertions="2" failures="0" errors="0" time="19.024945">
    <testsuite name="FisicaControllerTest" file="/Users/eduardojunior/projetos/ieducar2/www/module/Usuario/tests/src/Usuario/Controller/FisicaControllerTest.php" tests="1" assertions="2" failures="0" errors="0" time="19.024945">
      <testcase name="testFisicaSaveActionPostRequest" class="FisicaControllerTest" file="/Users/eduardojunior/projetos/ieducar2/www/module/Usuario/tests/src/Usuario/Controller/FisicaControllerTest.php" line="267" assertions="2" time="19.024945"/>
    </testsuite>
  </testsuite>
</testsuites>
