<?xml version="1.0" encoding="UTF-8"?>
<testsuites>
  <testsuite name="Usuario Test Suite" tests="129" assertions="476" failures="0" errors="0" time="4771.987597">
    <testsuite name="EscolaridadeControllerTest" file="/Users/eduardojunior/projetos/ieducar2/www/module/Usuario/tests/src/Usuario/Controller/EscolaridadeControllerTest.php" tests="9" assertions="30" failures="0" errors="0" time="160.124429">
      <testcase name="testEscolaridadeIndexAction" class="EscolaridadeControllerTest" file="/Users/eduardojunior/projetos/ieducar2/www/module/Usuario/tests/src/Usuario/Controller/EscolaridadeControllerTest.php" line="29" assertions="5" time="13.391121"/>
      <testcase name="testEscolaridadeSaveActionNewRequest" class="EscolaridadeControllerTest" file="/Users/eduardojunior/projetos/ieducar2/www/module/Usuario/tests/src/Usuario/Controller/EscolaridadeControllerTest.php" line="68" assertions="7" time="18.920378"/>
      <testcase name="testEscolaridadeSaveActionUpdateFormRequest" class="EscolaridadeControllerTest" file="/Users/eduardojunior/projetos/ieducar2/www/module/Usuario/tests/src/Usuario/Controller/EscolaridadeControllerTest.php" line="101" assertions="6" time="19.403469"/>
      <testcase name="testEscolaridadeSaveActionPostRequest" class="EscolaridadeControllerTest" file="/Users/eduardojunior/projetos/ieducar2/www/module/Usuario/tests/src/Usuario/Controller/EscolaridadeControllerTest.php" line="138" assertions="2" time="16.474178"/>
      <testcase name="testEscolaridadeUpdateAction" class="EscolaridadeControllerTest" file="/Users/eduardojunior/projetos/ieducar2/www/module/Usuario/tests/src/Usuario/Controller/EscolaridadeControllerTest.php" line="161" assertions="2" time="17.003882"/>
      <testcase name="testEscolaridadeSaveActionInvalidPostRequest" class="EscolaridadeControllerTest" file="/Users/eduardojunior/projetos/ieducar2/www/module/Usuario/tests/src/Usuario/Controller/EscolaridadeControllerTest.php" line="193" assertions="2" time="17.469801"/>
      <testcase name="testEscolaridadeInvalidDeleteAction" class="EscolaridadeControllerTest" file="/Users/eduardojunior/projetos/ieducar2/www/module/Usuario/tests/src/Usuario/Controller/EscolaridadeControllerTest.php" line="226" assertions="2" time="17.911446"/>
      <testcase name="testEscolaridadeDeleteAction" class="EscolaridadeControllerTest" file="/Users/eduardojunior/projetos/ieducar2/www/module/Usuario/tests/src/Usuario/Controller/EscolaridadeControllerTest.php" line="243" assertions="2" time="16.922672"/>
      <testcase name="testEscolaridadeInvalidIdDeleteAction" class="EscolaridadeControllerTest" file="/Users/eduardojunior/projetos/ieducar2/www/module/Usuario/tests/src/Usuario/Controller/EscolaridadeControllerTest.php" line="274" assertions="2" time="22.627483"/>
    </testsuite>
    <testsuite name="EstadoCivilControllerTest" file="/Users/eduardojunior/projetos/ieducar2/www/module/Usuario/tests/src/Usuario/Controller/EstadoCivilControllerTest.php" tests="9" assertions="30" failures="0" errors="0" time="178.369824">
      <testcase name="testEstadoCivilIndexAction" class="EstadoCivilControllerTest" file="/Users/eduardojunior/projetos/ieducar2/www/module/Usuario/tests/src/Usuario/Controller/EstadoCivilControllerTest.php" line="29" assertions="5" time="18.592744"/>
      <testcase name="testEstadoCivilSaveActionNewRequest" class="EstadoCivilControllerTest" file="/Users/eduardojunior/projetos/ieducar2/www/module/Usuario/tests/src/Usuario/Controller/EstadoCivilControllerTest.php" line="68" assertions="7" time="17.066830"/>
      <testcase name="testEstadoCivilSaveActionUpdateFormRequest" class="EstadoCivilControllerTest" file="/Users/eduardojunior/projetos/ieducar2/www/module/Usuario/tests/src/Usuario/Controller/EstadoCivilControllerTest.php" line="101" assertions="6" time="17.714561"/>
      <testcase name="testEstadoCivilSaveActionPostRequest" class="EstadoCivilControllerTest" file="/Users/eduardojunior/projetos/ieducar2/www/module/Usuario/tests/src/Usuario/Controller/EstadoCivilControllerTest.php" line="138" assertions="2" time="18.604689"/>
      <testcase name="testEstadoCivilUpdateAction" class="EstadoCivilControllerTest" file="/Users/eduardojunior/projetos/ieducar2/www/module/Usuario/tests/src/Usuario/Controller/EstadoCivilControllerTest.php" line="161" assertions="2" time="17.568912"/>
      <testcase name="testEstadoCivilSaveActionInvalidPostRequest" class="EstadoCivilControllerTest" file="/Users/eduardojunior/projetos/ieducar2/www/module/Usuario/tests/src/Usuario/Controller/EstadoCivilControllerTest.php" line="193" assertions="2" time="19.415499"/>
      <testcase name="testEstadoCivilInvalidDeleteAction" class="EstadoCivilControllerTest" file="/Users/eduardojunior/projetos/ieducar2/www/module/Usuario/tests/src/Usuario/Controller/EstadoCivilControllerTest.php" line="226" assertions="2" time="24.679585"/>
      <testcase name="testEstadoCivilDeleteAction" class="EstadoCivilControllerTest" file="/Users/eduardojunior/projetos/ieducar2/www/module/Usuario/tests/src/Usuario/Controller/EstadoCivilControllerTest.php" line="243" assertions="2" time="22.281105"/>
      <testcase name="testEstadoCivilInvalidIdDeleteAction" class="EstadoCivilControllerTest" file="/Users/eduardojunior/projetos/ieducar2/www/module/Usuario/tests/src/Usuario/Controller/EstadoCivilControllerTest.php" line="274" assertions="2" time="22.445899"/>
    </testsuite>
    <testsuite name="FisicaControllerTest" file="/Users/eduardojunior/projetos/ieducar2/www/module/Usuario/tests/src/Usuario/Controller/FisicaControllerTest.php" tests="9" assertions="65" failures="0" errors="0" time="197.038555">
      <testcase name="testFisicaIndexAction" class="FisicaControllerTest" file="/Users/eduardojunior/projetos/ieducar2/www/module/Usuario/tests/src/Usuario/Controller/FisicaControllerTest.php" line="30" assertions="6" time="21.504482"/>
      <testcase name="testFisicaSaveActionNewRequest" class="FisicaControllerTest" file="/Users/eduardojunior/projetos/ieducar2/www/module/Usuario/tests/src/Usuario/Controller/FisicaControllerTest.php" line="74" assertions="41" time="21.283121"/>
      <testcase name="testFisicaSaveActionUpdateFormRequest" class="FisicaControllerTest" file="/Users/eduardojunior/projetos/ieducar2/www/module/Usuario/tests/src/Usuario/Controller/FisicaControllerTest.php" line="174" assertions="6" time="22.225410"/>
      <testcase name="testFisicaSaveActionPostRequest" class="FisicaControllerTest" file="/Users/eduardojunior/projetos/ieducar2/www/module/Usuario/tests/src/Usuario/Controller/FisicaControllerTest.php" line="211" assertions="2" time="21.622506"/>
      <testcase name="testFisicaUpdateAction" class="FisicaControllerTest" file="/Users/eduardojunior/projetos/ieducar2/www/module/Usuario/tests/src/Usuario/Controller/FisicaControllerTest.php" line="246" assertions="2" time="25.404771"/>
      <testcase name="testFisicaSaveActionInvalidPostRequest" class="FisicaControllerTest" file="/Users/eduardojunior/projetos/ieducar2/www/module/Usuario/tests/src/Usuario/Controller/FisicaControllerTest.php" line="292" assertions="2" time="19.652311"/>
      <testcase name="testFisicaInvalidDeleteAction" class="FisicaControllerTest" file="/Users/eduardojunior/projetos/ieducar2/www/module/Usuario/tests/src/Usuario/Controller/FisicaControllerTest.php" line="322" assertions="2" time="21.477980"/>
      <testcase name="testFisicaDeleteAction" class="FisicaControllerTest" file="/Users/eduardojunior/projetos/ieducar2/www/module/Usuario/tests/src/Usuario/Controller/FisicaControllerTest.php" line="339" assertions="2" time="23.405059"/>
      <testcase name="testFisicaInvalidIdDeleteAction" class="FisicaControllerTest" file="/Users/eduardojunior/projetos/ieducar2/www/module/Usuario/tests/src/Usuario/Controller/FisicaControllerTest.php" line="370" assertions="2" time="20.462915"/>
    </testsuite>
    <testsuite name="JuridicaControllerTest" file="/Users/eduardojunior/projetos/ieducar2/www/module/Usuario/tests/src/Usuario/Controller/JuridicaControllerTest.php" tests="9" assertions="38" failures="0" errors="0" time="206.910919">
      <testcase name="testJuridicaIndexAction" class="JuridicaControllerTest" file="/Users/eduardojunior/projetos/ieducar2/www/module/Usuario/tests/src/Usuario/Controller/JuridicaControllerTest.php" line="29" assertions="5" time="20.679956"/>
      <testcase name="testJuridicaSaveActionNewRequest" class="JuridicaControllerTest" file="/Users/eduardojunior/projetos/ieducar2/www/module/Usuario/tests/src/Usuario/Controller/JuridicaControllerTest.php" line="81" assertions="15" time="21.187993"/>
      <testcase name="testJuridicaSaveActionUpdateFormRequest" class="JuridicaControllerTest" file="/Users/eduardojunior/projetos/ieducar2/www/module/Usuario/tests/src/Usuario/Controller/JuridicaControllerTest.php" line="133" assertions="6" time="20.592044"/>
      <testcase name="testJuridicaSaveActionPostRequest" class="JuridicaControllerTest" file="/Users/eduardojunior/projetos/ieducar2/www/module/Usuario/tests/src/Usuario/Controller/JuridicaControllerTest.php" line="176" assertions="2" time="23.981486"/>
      <testcase name="testJuridicaUpdateAction" class="JuridicaControllerTest" file="/Users/eduardojunior/projetos/ieducar2/www/module/Usuario/tests/src/Usuario/Controller/JuridicaControllerTest.php" line="202" assertions="2" time="26.613178"/>
      <testcase name="testJuridicaSaveActionInvalidPostRequest" class="JuridicaControllerTest" file="/Users/eduardojunior/projetos/ieducar2/www/module/Usuario/tests/src/Usuario/Controller/JuridicaControllerTest.php" line="242" assertions="2" time="22.226334"/>
      <testcase name="testJuridicaInvalidDeleteAction" class="JuridicaControllerTest" file="/Users/eduardojunior/projetos/ieducar2/www/module/Usuario/tests/src/Usuario/Controller/JuridicaControllerTest.php" line="272" assertions="2" time="21.830396"/>
      <testcase name="testJuridicaDeleteAction" class="JuridicaControllerTest" file="/Users/eduardojunior/projetos/ieducar2/www/module/Usuario/tests/src/Usuario/Controller/JuridicaControllerTest.php" line="289" assertions="2" time="24.629626"/>
      <testcase name="testJuridicaInvalidIdDeleteAction" class="JuridicaControllerTest" file="/Users/eduardojunior/projetos/ieducar2/www/module/Usuario/tests/src/Usuario/Controller/JuridicaControllerTest.php" line="326" assertions="2" time="25.169906"/>
    </testsuite>
    <testsuite name="OcupacaoControllerTest" file="/Users/eduardojunior/projetos/ieducar2/www/module/Usuario/tests/src/Usuario/Controller/OcupacaoControllerTest.php" tests="9" assertions="30" failures="0" errors="0" time="207.298463">
      <testcase name="testOcupacaoIndexAction" class="OcupacaoControllerTest" file="/Users/eduardojunior/projetos/ieducar2/www/module/Usuario/tests/src/Usuario/Controller/OcupacaoControllerTest.php" line="29" assertions="5" time="24.313261"/>
      <testcase name="testOcupacaoSaveActionNewRequest" class="OcupacaoControllerTest" file="/Users/eduardojunior/projetos/ieducar2/www/module/Usuario/tests/src/Usuario/Controller/OcupacaoControllerTest.php" line="68" assertions="7" time="21.326146"/>
      <testcase name="testOcupacaoSaveActionUpdateFormRequest" class="OcupacaoControllerTest" file="/Users/eduardojunior/projetos/ieducar2/www/module/Usuario/tests/src/Usuario/Controller/OcupacaoControllerTest.php" line="101" assertions="6" time="22.334158"/>
      <testcase name="testOcupacaoSaveActionPostRequest" class="OcupacaoControllerTest" file="/Users/eduardojunior/projetos/ieducar2/www/module/Usuario/tests/src/Usuario/Controller/OcupacaoControllerTest.php" line="138" assertions="2" time="25.327307"/>
      <testcase name="testOcupacaoUpdateAction" class="OcupacaoControllerTest" file="/Users/eduardojunior/projetos/ieducar2/www/module/Usuario/tests/src/Usuario/Controller/OcupacaoControllerTest.php" line="161" assertions="2" time="20.689479"/>
      <testcase name="testOcupacaoSaveActionInvalidPostRequest" class="OcupacaoControllerTest" file="/Users/eduardojunior/projetos/ieducar2/www/module/Usuario/tests/src/Usuario/Controller/OcupacaoControllerTest.php" line="193" assertions="2" time="21.879944"/>
      <testcase name="testOcupacaoInvalidDeleteAction" class="OcupacaoControllerTest" file="/Users/eduardojunior/projetos/ieducar2/www/module/Usuario/tests/src/Usuario/Controller/OcupacaoControllerTest.php" line="226" assertions="2" time="22.726867"/>
      <testcase name="testOcupacaoDeleteAction" class="OcupacaoControllerTest" file="/Users/eduardojunior/projetos/ieducar2/www/module/Usuario/tests/src/Usuario/Controller/OcupacaoControllerTest.php" line="243" assertions="2" time="25.134561"/>
      <testcase name="testOcupacaoInvalidIdDeleteAction" class="OcupacaoControllerTest" file="/Users/eduardojunior/projetos/ieducar2/www/module/Usuario/tests/src/Usuario/Controller/OcupacaoControllerTest.php" line="274" assertions="2" time="23.566740"/>
    </testsuite>
    <testsuite name="PessoaControllerTest" file="/Users/eduardojunior/projetos/ieducar2/www/module/Usuario/tests/src/Usuario/Controller/PessoaControllerTest.php" tests="9" assertions="28" failures="0" errors="0" time="250.079794">
      <testcase name="testPessoaIndexAction" class="PessoaControllerTest" file="/Users/eduardojunior/projetos/ieducar2/www/module/Usuario/tests/src/Usuario/Controller/PessoaControllerTest.php" line="32" assertions="5" time="26.068959"/>
      <testcase name="testPessoaSaveActionNewRequest" class="PessoaControllerTest" file="/Users/eduardojunior/projetos/ieducar2/www/module/Usuario/tests/src/Usuario/Controller/PessoaControllerTest.php" line="74" assertions="5" time="26.536959"/>
      <testcase name="testPessoaSaveActionUpdateFormRequest" class="PessoaControllerTest" file="/Users/eduardojunior/projetos/ieducar2/www/module/Usuario/tests/src/Usuario/Controller/PessoaControllerTest.php" line="103" assertions="6" time="24.908783"/>
      <testcase name="testPessoaSaveActionPostRequest" class="PessoaControllerTest" file="/Users/eduardojunior/projetos/ieducar2/www/module/Usuario/tests/src/Usuario/Controller/PessoaControllerTest.php" line="140" assertions="2" time="27.721863"/>
      <testcase name="testPessoaUpdateAction" class="PessoaControllerTest" file="/Users/eduardojunior/projetos/ieducar2/www/module/Usuario/tests/src/Usuario/Controller/PessoaControllerTest.php" line="168" assertions="2" time="30.605077"/>
      <testcase name="testPessoaSaveActionInvalidPostRequest" class="PessoaControllerTest" file="/Users/eduardojunior/projetos/ieducar2/www/module/Usuario/tests/src/Usuario/Controller/PessoaControllerTest.php" line="205" assertions="2" time="28.888687"/>
      <testcase name="testPessoaInvalidDeleteAction" class="PessoaControllerTest" file="/Users/eduardojunior/projetos/ieducar2/www/module/Usuario/tests/src/Usuario/Controller/PessoaControllerTest.php" line="235" assertions="2" time="29.897968"/>
      <testcase name="testPessoaDeleteAction" class="PessoaControllerTest" file="/Users/eduardojunior/projetos/ieducar2/www/module/Usuario/tests/src/Usuario/Controller/PessoaControllerTest.php" line="251" assertions="2" time="27.748768"/>
      <testcase name="testPessoaInvalidIdDeleteAction" class="PessoaControllerTest" file="/Users/eduardojunior/projetos/ieducar2/www/module/Usuario/tests/src/Usuario/Controller/PessoaControllerTest.php" line="282" assertions="2" time="27.702730"/>
    </testsuite>
    <testsuite name="RacaControllerTest" file="/Users/eduardojunior/projetos/ieducar2/www/module/Usuario/tests/src/Usuario/Controller/RacaControllerTest.php" tests="9" assertions="31" failures="0" errors="0" time="257.474677">
      <testcase name="testRacaIndexAction" class="RacaControllerTest" file="/Users/eduardojunior/projetos/ieducar2/www/module/Usuario/tests/src/Usuario/Controller/RacaControllerTest.php" line="29" assertions="6" time="26.826176"/>
      <testcase name="testRacaSaveActionNewRequest" class="RacaControllerTest" file="/Users/eduardojunior/projetos/ieducar2/www/module/Usuario/tests/src/Usuario/Controller/RacaControllerTest.php" line="68" assertions="7" time="27.539203"/>
      <testcase name="testRacaSaveActionUpdateFormRequest" class="RacaControllerTest" file="/Users/eduardojunior/projetos/ieducar2/www/module/Usuario/tests/src/Usuario/Controller/RacaControllerTest.php" line="101" assertions="6" time="28.210306"/>
      <testcase name="testRacaSaveActionPostRequest" class="RacaControllerTest" file="/Users/eduardojunior/projetos/ieducar2/www/module/Usuario/tests/src/Usuario/Controller/RacaControllerTest.php" line="138" assertions="2" time="28.136866"/>
      <testcase name="testRacaUpdateAction" class="RacaControllerTest" file="/Users/eduardojunior/projetos/ieducar2/www/module/Usuario/tests/src/Usuario/Controller/RacaControllerTest.php" line="162" assertions="2" time="28.278104"/>
      <testcase name="testRacaSaveActionInvalidPostRequest" class="RacaControllerTest" file="/Users/eduardojunior/projetos/ieducar2/www/module/Usuario/tests/src/Usuario/Controller/RacaControllerTest.php" line="194" assertions="2" time="29.481402"/>
      <testcase name="testRacaInvalidDeleteAction" class="RacaControllerTest" file="/Users/eduardojunior/projetos/ieducar2/www/module/Usuario/tests/src/Usuario/Controller/RacaControllerTest.php" line="227" assertions="2" time="29.742741"/>
      <testcase name="testRacaDeleteAction" class="RacaControllerTest" file="/Users/eduardojunior/projetos/ieducar2/www/module/Usuario/tests/src/Usuario/Controller/RacaControllerTest.php" line="243" assertions="2" time="30.237072"/>
      <testcase name="testRacaInvalidIdDeleteAction" class="RacaControllerTest" file="/Users/eduardojunior/projetos/ieducar2/www/module/Usuario/tests/src/Usuario/Controller/RacaControllerTest.php" line="274" assertions="2" time="29.022808"/>
    </testsuite>
    <testsuite name="ReligiaoControllerTest" file="/Users/eduardojunior/projetos/ieducar2/www/module/Usuario/tests/src/Usuario/Controller/ReligiaoControllerTest.php" tests="9" assertions="30" failures="0" errors="0" time="284.912938">
      <testcase name="testReligiaoIndexAction" class="ReligiaoControllerTest" file="/Users/eduardojunior/projetos/ieducar2/www/module/Usuario/tests/src/Usuario/Controller/ReligiaoControllerTest.php" line="29" assertions="5" time="30.369527"/>
      <testcase name="testReligiaoSaveActionNewRequest" class="ReligiaoControllerTest" file="/Users/eduardojunior/projetos/ieducar2/www/module/Usuario/tests/src/Usuario/Controller/ReligiaoControllerTest.php" line="68" assertions="7" time="30.614771"/>
      <testcase name="testReligiaoSaveActionUpdateFormRequest" class="ReligiaoControllerTest" file="/Users/eduardojunior/projetos/ieducar2/www/module/Usuario/tests/src/Usuario/Controller/ReligiaoControllerTest.php" line="105" assertions="6" time="30.975525"/>
      <testcase name="testReligiaoSaveActionPostRequest" class="ReligiaoControllerTest" file="/Users/eduardojunior/projetos/ieducar2/www/module/Usuario/tests/src/Usuario/Controller/ReligiaoControllerTest.php" line="142" assertions="2" time="30.993473"/>
      <testcase name="testReligiaoUpdateAction" class="ReligiaoControllerTest" file="/Users/eduardojunior/projetos/ieducar2/www/module/Usuario/tests/src/Usuario/Controller/ReligiaoControllerTest.php" line="166" assertions="2" time="33.545402"/>
      <testcase name="testEscolaridadeSaveActionInvalidPostRequest" class="ReligiaoControllerTest" file="/Users/eduardojunior/projetos/ieducar2/www/module/Usuario/tests/src/Usuario/Controller/ReligiaoControllerTest.php" line="198" assertions="2" time="30.965785"/>
      <testcase name="testReligiaoInvalidDeleteAction" class="ReligiaoControllerTest" file="/Users/eduardojunior/projetos/ieducar2/www/module/Usuario/tests/src/Usuario/Controller/ReligiaoControllerTest.php" line="231" assertions="2" time="32.199153"/>
      <testcase name="testReligiaoDeleteAction" class="ReligiaoControllerTest" file="/Users/eduardojunior/projetos/ieducar2/www/module/Usuario/tests/src/Usuario/Controller/ReligiaoControllerTest.php" line="248" assertions="2" time="31.870891"/>
      <testcase name="testReligiaoInvalidIdDeleteAction" class="ReligiaoControllerTest" file="/Users/eduardojunior/projetos/ieducar2/www/module/Usuario/tests/src/Usuario/Controller/ReligiaoControllerTest.php" line="279" assertions="2" time="33.378411"/>
    </testsuite>
    <testsuite name="Usuario\Entity\EscolaridadeTest" file="/Users/eduardojunior/projetos/ieducar2/www/module/Usuario/tests/src/Usuario/Entity/EscolaridadeTest.php" tests="6" assertions="12" failures="0" errors="0" time="205.927755">
      <testcase name="testGetInputFilter" class="Usuario\Entity\EscolaridadeTest" file="/Users/eduardojunior/projetos/ieducar2/www/module/Usuario/tests/src/Usuario/Entity/EscolaridadeTest.php" line="21" assertions="1" time="33.018276"/>
      <testcase name="testInputFilterValid" class="Usuario\Entity\EscolaridadeTest" file="/Users/eduardojunior/projetos/ieducar2/www/module/Usuario/tests/src/Usuario/Entity/EscolaridadeTest.php" line="33" assertions="3" time="33.695697"/>
      <testcase name="testInsert" class="Usuario\Entity\EscolaridadeTest" file="/Users/eduardojunior/projetos/ieducar2/www/module/Usuario/tests/src/Usuario/Entity/EscolaridadeTest.php" line="44" assertions="4" time="34.009066"/>
      <testcase name="testInputFilterInvalidDescricao" class="Usuario\Entity\EscolaridadeTest" file="/Users/eduardojunior/projetos/ieducar2/www/module/Usuario/tests/src/Usuario/Entity/EscolaridadeTest.php" line="65" assertions="1" time="34.295776"/>
      <testcase name="testUpdate" class="Usuario\Entity\EscolaridadeTest" file="/Users/eduardojunior/projetos/ieducar2/www/module/Usuario/tests/src/Usuario/Entity/EscolaridadeTest.php" line="76" assertions="2" time="35.104584"/>
      <testcase name="testDelete" class="Usuario\Entity\EscolaridadeTest" file="/Users/eduardojunior/projetos/ieducar2/www/module/Usuario/tests/src/Usuario/Entity/EscolaridadeTest.php" line="95" assertions="1" time="35.804356"/>
    </testsuite>
    <testsuite name="Usuario\Entity\EstadoCivilTest" file="/Users/eduardojunior/projetos/ieducar2/www/module/Usuario/tests/src/Usuario/Entity/EstadoCivilTest.php" tests="6" assertions="12" failures="0" errors="0" time="248.526408">
      <testcase name="testGetInputFilter" class="Usuario\Entity\EstadoCivilTest" file="/Users/eduardojunior/projetos/ieducar2/www/module/Usuario/tests/src/Usuario/Entity/EstadoCivilTest.php" line="21" assertions="1" time="36.395038"/>
      <testcase name="testInputFilterValid" class="Usuario\Entity\EstadoCivilTest" file="/Users/eduardojunior/projetos/ieducar2/www/module/Usuario/tests/src/Usuario/Entity/EstadoCivilTest.php" line="33" assertions="3" time="36.860163"/>
      <testcase name="testInsert" class="Usuario\Entity\EstadoCivilTest" file="/Users/eduardojunior/projetos/ieducar2/www/module/Usuario/tests/src/Usuario/Entity/EstadoCivilTest.php" line="44" assertions="4" time="43.216234"/>
      <testcase name="testInputFilterInvalidDescricao" class="Usuario\Entity\EstadoCivilTest" file="/Users/eduardojunior/projetos/ieducar2/www/module/Usuario/tests/src/Usuario/Entity/EstadoCivilTest.php" line="65" assertions="1" time="42.749461"/>
      <testcase name="testUpdate" class="Usuario\Entity\EstadoCivilTest" file="/Users/eduardojunior/projetos/ieducar2/www/module/Usuario/tests/src/Usuario/Entity/EstadoCivilTest.php" line="76" assertions="2" time="44.257300"/>
      <testcase name="testDelete" class="Usuario\Entity\EstadoCivilTest" file="/Users/eduardojunior/projetos/ieducar2/www/module/Usuario/tests/src/Usuario/Entity/EstadoCivilTest.php" line="96" assertions="1" time="45.048212"/>
    </testsuite>
    <testsuite name="Usuario\Entity\FisicaTest" file="/Users/eduardojunior/projetos/ieducar2/www/module/Usuario/tests/src/Usuario/Entity/FisicaTest.php" tests="7" assertions="45" failures="0" errors="0" time="337.826175">
      <testcase name="testGetInputFilter" class="Usuario\Entity\FisicaTest" file="/Users/eduardojunior/projetos/ieducar2/www/module/Usuario/tests/src/Usuario/Entity/FisicaTest.php" line="22" assertions="1" time="42.302712"/>
      <testcase name="testInputFilterValid" class="Usuario\Entity\FisicaTest" file="/Users/eduardojunior/projetos/ieducar2/www/module/Usuario/tests/src/Usuario/Entity/FisicaTest.php" line="33" assertions="33" time="47.077751"/>
      <testcase name="testInsert" class="Usuario\Entity\FisicaTest" file="/Users/eduardojunior/projetos/ieducar2/www/module/Usuario/tests/src/Usuario/Entity/FisicaTest.php" line="81" assertions="4" time="50.103608"/>
      <testcase name="testInsertAfter" class="Usuario\Entity\FisicaTest" file="/Users/eduardojunior/projetos/ieducar2/www/module/Usuario/tests/src/Usuario/Entity/FisicaTest.php" line="116" assertions="3" time="44.712712"/>
      <testcase name="testInputFilterInvalidCpf" class="Usuario\Entity\FisicaTest" file="/Users/eduardojunior/projetos/ieducar2/www/module/Usuario/tests/src/Usuario/Entity/FisicaTest.php" line="160" assertions="1" time="49.558489"/>
      <testcase name="testUpdate" class="Usuario\Entity\FisicaTest" file="/Users/eduardojunior/projetos/ieducar2/www/module/Usuario/tests/src/Usuario/Entity/FisicaTest.php" line="173" assertions="2" time="52.372777"/>
      <testcase name="testDelete" class="Usuario\Entity\FisicaTest" file="/Users/eduardojunior/projetos/ieducar2/www/module/Usuario/tests/src/Usuario/Entity/FisicaTest.php" line="195" assertions="1" time="51.698126"/>
    </testsuite>
    <testsuite name="Usuario\Entity\JuridicaTest" file="/Users/eduardojunior/projetos/ieducar2/www/module/Usuario/tests/src/Usuario/Entity/JuridicaTest.php" tests="7" assertions="25" failures="0" errors="0" time="359.904468">
      <testcase name="testGetInputFilter" class="Usuario\Entity\JuridicaTest" file="/Users/eduardojunior/projetos/ieducar2/www/module/Usuario/tests/src/Usuario/Entity/JuridicaTest.php" line="22" assertions="1" time="49.291425"/>
      <testcase name="testInputFilterValid" class="Usuario\Entity\JuridicaTest" file="/Users/eduardojunior/projetos/ieducar2/www/module/Usuario/tests/src/Usuario/Entity/JuridicaTest.php" line="33" assertions="13" time="50.338839"/>
      <testcase name="testInsert" class="Usuario\Entity\JuridicaTest" file="/Users/eduardojunior/projetos/ieducar2/www/module/Usuario/tests/src/Usuario/Entity/JuridicaTest.php" line="57" assertions="4" time="54.444340"/>
      <testcase name="testInsertAfter" class="Usuario\Entity\JuridicaTest" file="/Users/eduardojunior/projetos/ieducar2/www/module/Usuario/tests/src/Usuario/Entity/JuridicaTest.php" line="90" assertions="3" time="53.791109"/>
      <testcase name="testInputFilterInvalidCnpjf" class="Usuario\Entity\JuridicaTest" file="/Users/eduardojunior/projetos/ieducar2/www/module/Usuario/tests/src/Usuario/Entity/JuridicaTest.php" line="138" assertions="1" time="51.425089"/>
      <testcase name="testUpdate" class="Usuario\Entity\JuridicaTest" file="/Users/eduardojunior/projetos/ieducar2/www/module/Usuario/tests/src/Usuario/Entity/JuridicaTest.php" line="146" assertions="2" time="49.410177"/>
      <testcase name="testDelete" class="Usuario\Entity\JuridicaTest" file="/Users/eduardojunior/projetos/ieducar2/www/module/Usuario/tests/src/Usuario/Entity/JuridicaTest.php" line="172" assertions="1" time="51.203489"/>
    </testsuite>
    <testsuite name="Usuario\Entity\OcupacaoTest" file="/Users/eduardojunior/projetos/ieducar2/www/module/Usuario/tests/src/Usuario/Entity/OcupacaoTest.php" tests="6" assertions="12" failures="0" errors="0" time="305.772806">
      <testcase name="testGetInputFilter" class="Usuario\Entity\OcupacaoTest" file="/Users/eduardojunior/projetos/ieducar2/www/module/Usuario/tests/src/Usuario/Entity/OcupacaoTest.php" line="21" assertions="1" time="49.482164"/>
      <testcase name="testInputFilterValid" class="Usuario\Entity\OcupacaoTest" file="/Users/eduardojunior/projetos/ieducar2/www/module/Usuario/tests/src/Usuario/Entity/OcupacaoTest.php" line="33" assertions="3" time="50.402918"/>
      <testcase name="testInsert" class="Usuario\Entity\OcupacaoTest" file="/Users/eduardojunior/projetos/ieducar2/www/module/Usuario/tests/src/Usuario/Entity/OcupacaoTest.php" line="44" assertions="4" time="50.620150"/>
      <testcase name="testInputFilterInvalidDescricao" class="Usuario\Entity\OcupacaoTest" file="/Users/eduardojunior/projetos/ieducar2/www/module/Usuario/tests/src/Usuario/Entity/OcupacaoTest.php" line="65" assertions="1" time="51.625560"/>
      <testcase name="testUpdate" class="Usuario\Entity\OcupacaoTest" file="/Users/eduardojunior/projetos/ieducar2/www/module/Usuario/tests/src/Usuario/Entity/OcupacaoTest.php" line="76" assertions="2" time="51.201022"/>
      <testcase name="testDelete" class="Usuario\Entity\OcupacaoTest" file="/Users/eduardojunior/projetos/ieducar2/www/module/Usuario/tests/src/Usuario/Entity/OcupacaoTest.php" line="96" assertions="1" time="52.440992"/>
    </testsuite>
    <testsuite name="Usuario\Entity\PessoaTest" file="/Users/eduardojunior/projetos/ieducar2/www/module/Usuario/tests/src/Usuario/Entity/PessoaTest.php" tests="11" assertions="54" failures="0" errors="0" time="639.210296">
      <testcase name="testGetInputFilter" class="Usuario\Entity\PessoaTest" file="/Users/eduardojunior/projetos/ieducar2/www/module/Usuario/tests/src/Usuario/Entity/PessoaTest.php" line="23" assertions="1" time="51.657687"/>
      <testcase name="testInputFilterValid" class="Usuario\Entity\PessoaTest" file="/Users/eduardojunior/projetos/ieducar2/www/module/Usuario/tests/src/Usuario/Entity/PessoaTest.php" line="34" assertions="13" time="54.435527"/>
      <testcase name="testInsert" class="Usuario\Entity\PessoaTest" file="/Users/eduardojunior/projetos/ieducar2/www/module/Usuario/tests/src/Usuario/Entity/PessoaTest.php" line="58" assertions="3" time="59.613825"/>
      <testcase name="testeInsertNomeInvalido" class="Usuario\Entity\PessoaTest" file="/Users/eduardojunior/projetos/ieducar2/www/module/Usuario/tests/src/Usuario/Entity/PessoaTest.php" line="109" assertions="2" time="55.884442"/>
      <testcase name="testInputFilterInvalidoTipo" class="Usuario\Entity\PessoaTest" file="/Users/eduardojunior/projetos/ieducar2/www/module/Usuario/tests/src/Usuario/Entity/PessoaTest.php" line="120" assertions="1" time="56.816520"/>
      <testcase name="testInputFilterInvalidoDataRev" class="Usuario\Entity\PessoaTest" file="/Users/eduardojunior/projetos/ieducar2/www/module/Usuario/tests/src/Usuario/Entity/PessoaTest.php" line="131" assertions="1" time="56.493487"/>
      <testcase name="testInputFilterInvalidoUrl" class="Usuario\Entity\PessoaTest" file="/Users/eduardojunior/projetos/ieducar2/www/module/Usuario/tests/src/Usuario/Entity/PessoaTest.php" line="142" assertions="1" time="58.931462"/>
      <testcase name="testUpdate" class="Usuario\Entity\PessoaTest" file="/Users/eduardojunior/projetos/ieducar2/www/module/Usuario/tests/src/Usuario/Entity/PessoaTest.php" line="158" assertions="4" time="58.902211"/>
      <testcase name="testDelete" class="Usuario\Entity\PessoaTest" file="/Users/eduardojunior/projetos/ieducar2/www/module/Usuario/tests/src/Usuario/Entity/PessoaTest.php" line="224" assertions="2" time="65.179773"/>
      <testcase name="testHistoricoDelete" class="Usuario\Entity\PessoaTest" file="/Users/eduardojunior/projetos/ieducar2/www/module/Usuario/tests/src/Usuario/Entity/PessoaTest.php" line="270" assertions="12" time="59.766559"/>
      <testcase name="testHistoricoUpdate" class="Usuario\Entity\PessoaTest" file="/Users/eduardojunior/projetos/ieducar2/www/module/Usuario/tests/src/Usuario/Entity/PessoaTest.php" line="319" assertions="14" time="61.528803"/>
    </testsuite>
    <testsuite name="Usuario\Entity\RacaTest" file="/Users/eduardojunior/projetos/ieducar2/www/module/Usuario/tests/src/Usuario/Entity/RacaTest.php" tests="6" assertions="14" failures="0" errors="0" time="360.369711">
      <testcase name="testGetInputFilter" class="Usuario\Entity\RacaTest" file="/Users/eduardojunior/projetos/ieducar2/www/module/Usuario/tests/src/Usuario/Entity/RacaTest.php" line="21" assertions="1" time="58.045789"/>
      <testcase name="testInputFilterValid" class="Usuario\Entity\RacaTest" file="/Users/eduardojunior/projetos/ieducar2/www/module/Usuario/tests/src/Usuario/Entity/RacaTest.php" line="33" assertions="5" time="58.574899"/>
      <testcase name="testInsert" class="Usuario\Entity\RacaTest" file="/Users/eduardojunior/projetos/ieducar2/www/module/Usuario/tests/src/Usuario/Entity/RacaTest.php" line="46" assertions="4" time="59.573219"/>
      <testcase name="testInputFilterInvalidNome" class="Usuario\Entity\RacaTest" file="/Users/eduardojunior/projetos/ieducar2/www/module/Usuario/tests/src/Usuario/Entity/RacaTest.php" line="67" assertions="1" time="60.532369"/>
      <testcase name="testUpdate" class="Usuario\Entity\RacaTest" file="/Users/eduardojunior/projetos/ieducar2/www/module/Usuario/tests/src/Usuario/Entity/RacaTest.php" line="79" assertions="2" time="61.390790"/>
      <testcase name="testDelete" class="Usuario\Entity\RacaTest" file="/Users/eduardojunior/projetos/ieducar2/www/module/Usuario/tests/src/Usuario/Entity/RacaTest.php" line="97" assertions="1" time="62.252645"/>
    </testsuite>
    <testsuite name="Usuario\Entity\ReligiaoTest" file="/Users/eduardojunior/projetos/ieducar2/www/module/Usuario/tests/src/Usuario/Entity/ReligiaoTest.php" tests="8" assertions="20" failures="0" errors="0" time="572.240379">
      <testcase name="testGetInputFilter" class="Usuario\Entity\ReligiaoTest" file="/Users/eduardojunior/projetos/ieducar2/www/module/Usuario/tests/src/Usuario/Entity/ReligiaoTest.php" line="21" assertions="1" time="64.183133"/>
      <testcase name="testInputFilterValid" class="Usuario\Entity\ReligiaoTest" file="/Users/eduardojunior/projetos/ieducar2/www/module/Usuario/tests/src/Usuario/Entity/ReligiaoTest.php" line="33" assertions="6" time="67.516827"/>
      <testcase name="testInsert" class="Usuario\Entity\ReligiaoTest" file="/Users/eduardojunior/projetos/ieducar2/www/module/Usuario/tests/src/Usuario/Entity/ReligiaoTest.php" line="49" assertions="4" time="69.110430"/>
      <testcase name="testBuildPessoa" class="Usuario\Entity\ReligiaoTest" file="/Users/eduardojunior/projetos/ieducar2/www/module/Usuario/tests/src/Usuario/Entity/ReligiaoTest.php" line="67" assertions="0" time="71.256694"/>
      <testcase name="testInsertWithPessoa" class="Usuario\Entity\ReligiaoTest" file="/Users/eduardojunior/projetos/ieducar2/www/module/Usuario/tests/src/Usuario/Entity/ReligiaoTest.php" line="87" assertions="5" time="73.468153"/>
      <testcase name="testInputFilterInvalidReligiao" class="Usuario\Entity\ReligiaoTest" file="/Users/eduardojunior/projetos/ieducar2/www/module/Usuario/tests/src/Usuario/Entity/ReligiaoTest.php" line="110" assertions="1" time="74.278066"/>
      <testcase name="testUpdate" class="Usuario\Entity\ReligiaoTest" file="/Users/eduardojunior/projetos/ieducar2/www/module/Usuario/tests/src/Usuario/Entity/ReligiaoTest.php" line="121" assertions="2" time="75.251215"/>
      <testcase name="testDelete" class="Usuario\Entity\ReligiaoTest" file="/Users/eduardojunior/projetos/ieducar2/www/module/Usuario/tests/src/Usuario/Entity/ReligiaoTest.php" line="140" assertions="1" time="77.175861"/>
    </testsuite>
  </testsuite>
</testsuites>
