<?xml version="1.0" encoding="UTF-8"?>
<testsuites>
  <testsuite name="Usuario Test Suite" tests="2" assertions="15" failures="0" errors="0" time="7.750582">
    <testsuite name="Usuario\Entity\FisicaTest" file="/Users/eduardojunior/Websites/ieducar2/www/module/Usuario/tests/src/Usuario/Entity/FisicaTest.php" namespace="Usuario\Entity" fullPackage="Usuario.Entity" tests="0" assertions="0" failures="0" errors="0" time="0.000000"/>
    <testsuite name="Usuario\Entity\JuridicaTest" file="/Users/eduardojunior/Websites/ieducar2/www/module/Usuario/tests/src/Usuario/Entity/JuridicaTest.php" namespace="Usuario\Entity" fullPackage="Usuario.Entity" tests="2" assertions="15" failures="0" errors="0" time="7.750582">
      <testcase name="testGetInputFilter" class="Usuario\Entity\JuridicaTest" file="/Users/eduardojunior/Websites/ieducar2/www/module/Usuario/tests/src/Usuario/Entity/JuridicaTest.php" line="22" assertions="1" time="6.924172"/>
      <testcase name="testInputFilterValid" class="Usuario\Entity\JuridicaTest" file="/Users/eduardojunior/Websites/ieducar2/www/module/Usuario/tests/src/Usuario/Entity/JuridicaTest.php" line="33" assertions="14" time="0.826410"/>
    </testsuite>
    <testsuite name="Usuario\Entity\PessoaTest" file="/Users/eduardojunior/Websites/ieducar2/www/module/Usuario/tests/src/Usuario/Entity/PessoaTest.php" namespace="Usuario\Entity" fullPackage="Usuario.Entity" tests="0" assertions="0" failures="0" errors="0" time="0.000000"/>
  </testsuite>
</testsuites>
