<?xml version="1.0" encoding="UTF-8"?>
<testsuites>
  <testsuite name="Usuario Test Suite" tests="129" assertions="476" failures="0" errors="0" time="4016.266178">
    <testsuite name="EscolaridadeControllerTest" file="/Users/eduardojunior/projetos/ieducar2/www/module/Usuario/tests/src/Usuario/Controller/EscolaridadeControllerTest.php" tests="9" assertions="30" failures="0" errors="0" time="87.356182">
      <testcase name="testEscolaridadeIndexAction" class="EscolaridadeControllerTest" file="/Users/eduardojunior/projetos/ieducar2/www/module/Usuario/tests/src/Usuario/Controller/EscolaridadeControllerTest.php" line="29" assertions="5" time="8.616869"/>
      <testcase name="testEscolaridadeSaveActionNewRequest" class="EscolaridadeControllerTest" file="/Users/eduardojunior/projetos/ieducar2/www/module/Usuario/tests/src/Usuario/Controller/EscolaridadeControllerTest.php" line="68" assertions="7" time="9.361087"/>
      <testcase name="testEscolaridadeSaveActionUpdateFormRequest" class="EscolaridadeControllerTest" file="/Users/eduardojunior/projetos/ieducar2/www/module/Usuario/tests/src/Usuario/Controller/EscolaridadeControllerTest.php" line="101" assertions="6" time="9.635999"/>
      <testcase name="testEscolaridadeSaveActionPostRequest" class="EscolaridadeControllerTest" file="/Users/eduardojunior/projetos/ieducar2/www/module/Usuario/tests/src/Usuario/Controller/EscolaridadeControllerTest.php" line="138" assertions="2" time="9.363547"/>
      <testcase name="testEscolaridadeUpdateAction" class="EscolaridadeControllerTest" file="/Users/eduardojunior/projetos/ieducar2/www/module/Usuario/tests/src/Usuario/Controller/EscolaridadeControllerTest.php" line="161" assertions="2" time="9.811281"/>
      <testcase name="testEscolaridadeSaveActionInvalidPostRequest" class="EscolaridadeControllerTest" file="/Users/eduardojunior/projetos/ieducar2/www/module/Usuario/tests/src/Usuario/Controller/EscolaridadeControllerTest.php" line="193" assertions="2" time="10.847514"/>
      <testcase name="testEscolaridadeInvalidDeleteAction" class="EscolaridadeControllerTest" file="/Users/eduardojunior/projetos/ieducar2/www/module/Usuario/tests/src/Usuario/Controller/EscolaridadeControllerTest.php" line="226" assertions="2" time="9.697625"/>
      <testcase name="testEscolaridadeDeleteAction" class="EscolaridadeControllerTest" file="/Users/eduardojunior/projetos/ieducar2/www/module/Usuario/tests/src/Usuario/Controller/EscolaridadeControllerTest.php" line="243" assertions="2" time="10.852575"/>
      <testcase name="testEscolaridadeInvalidIdDeleteAction" class="EscolaridadeControllerTest" file="/Users/eduardojunior/projetos/ieducar2/www/module/Usuario/tests/src/Usuario/Controller/EscolaridadeControllerTest.php" line="274" assertions="2" time="9.169685"/>
    </testsuite>
    <testsuite name="EstadoCivilControllerTest" file="/Users/eduardojunior/projetos/ieducar2/www/module/Usuario/tests/src/Usuario/Controller/EstadoCivilControllerTest.php" tests="9" assertions="30" failures="0" errors="0" time="95.335218">
      <testcase name="testEstadoCivilIndexAction" class="EstadoCivilControllerTest" file="/Users/eduardojunior/projetos/ieducar2/www/module/Usuario/tests/src/Usuario/Controller/EstadoCivilControllerTest.php" line="29" assertions="5" time="9.820697"/>
      <testcase name="testEstadoCivilSaveActionNewRequest" class="EstadoCivilControllerTest" file="/Users/eduardojunior/projetos/ieducar2/www/module/Usuario/tests/src/Usuario/Controller/EstadoCivilControllerTest.php" line="68" assertions="7" time="9.848134"/>
      <testcase name="testEstadoCivilSaveActionUpdateFormRequest" class="EstadoCivilControllerTest" file="/Users/eduardojunior/projetos/ieducar2/www/module/Usuario/tests/src/Usuario/Controller/EstadoCivilControllerTest.php" line="101" assertions="6" time="9.799772"/>
      <testcase name="testEstadoCivilSaveActionPostRequest" class="EstadoCivilControllerTest" file="/Users/eduardojunior/projetos/ieducar2/www/module/Usuario/tests/src/Usuario/Controller/EstadoCivilControllerTest.php" line="138" assertions="2" time="10.065203"/>
      <testcase name="testEstadoCivilUpdateAction" class="EstadoCivilControllerTest" file="/Users/eduardojunior/projetos/ieducar2/www/module/Usuario/tests/src/Usuario/Controller/EstadoCivilControllerTest.php" line="161" assertions="2" time="11.435661"/>
      <testcase name="testEstadoCivilSaveActionInvalidPostRequest" class="EstadoCivilControllerTest" file="/Users/eduardojunior/projetos/ieducar2/www/module/Usuario/tests/src/Usuario/Controller/EstadoCivilControllerTest.php" line="193" assertions="2" time="10.704637"/>
      <testcase name="testEstadoCivilInvalidDeleteAction" class="EstadoCivilControllerTest" file="/Users/eduardojunior/projetos/ieducar2/www/module/Usuario/tests/src/Usuario/Controller/EstadoCivilControllerTest.php" line="226" assertions="2" time="10.416814"/>
      <testcase name="testEstadoCivilDeleteAction" class="EstadoCivilControllerTest" file="/Users/eduardojunior/projetos/ieducar2/www/module/Usuario/tests/src/Usuario/Controller/EstadoCivilControllerTest.php" line="243" assertions="2" time="11.898854"/>
      <testcase name="testEstadoCivilInvalidIdDeleteAction" class="EstadoCivilControllerTest" file="/Users/eduardojunior/projetos/ieducar2/www/module/Usuario/tests/src/Usuario/Controller/EstadoCivilControllerTest.php" line="274" assertions="2" time="11.345446"/>
    </testsuite>
    <testsuite name="FisicaControllerTest" file="/Users/eduardojunior/projetos/ieducar2/www/module/Usuario/tests/src/Usuario/Controller/FisicaControllerTest.php" tests="9" assertions="65" failures="0" errors="0" time="111.836571">
      <testcase name="testFisicaIndexAction" class="FisicaControllerTest" file="/Users/eduardojunior/projetos/ieducar2/www/module/Usuario/tests/src/Usuario/Controller/FisicaControllerTest.php" line="30" assertions="6" time="11.773350"/>
      <testcase name="testFisicaSaveActionNewRequest" class="FisicaControllerTest" file="/Users/eduardojunior/projetos/ieducar2/www/module/Usuario/tests/src/Usuario/Controller/FisicaControllerTest.php" line="74" assertions="41" time="11.160728"/>
      <testcase name="testFisicaSaveActionUpdateFormRequest" class="FisicaControllerTest" file="/Users/eduardojunior/projetos/ieducar2/www/module/Usuario/tests/src/Usuario/Controller/FisicaControllerTest.php" line="174" assertions="6" time="12.169191"/>
      <testcase name="testFisicaSaveActionPostRequest" class="FisicaControllerTest" file="/Users/eduardojunior/projetos/ieducar2/www/module/Usuario/tests/src/Usuario/Controller/FisicaControllerTest.php" line="211" assertions="2" time="11.913557"/>
      <testcase name="testFisicaUpdateAction" class="FisicaControllerTest" file="/Users/eduardojunior/projetos/ieducar2/www/module/Usuario/tests/src/Usuario/Controller/FisicaControllerTest.php" line="246" assertions="2" time="13.084563"/>
      <testcase name="testFisicaSaveActionInvalidPostRequest" class="FisicaControllerTest" file="/Users/eduardojunior/projetos/ieducar2/www/module/Usuario/tests/src/Usuario/Controller/FisicaControllerTest.php" line="292" assertions="2" time="12.841943"/>
      <testcase name="testFisicaInvalidDeleteAction" class="FisicaControllerTest" file="/Users/eduardojunior/projetos/ieducar2/www/module/Usuario/tests/src/Usuario/Controller/FisicaControllerTest.php" line="322" assertions="2" time="12.054306"/>
      <testcase name="testFisicaDeleteAction" class="FisicaControllerTest" file="/Users/eduardojunior/projetos/ieducar2/www/module/Usuario/tests/src/Usuario/Controller/FisicaControllerTest.php" line="339" assertions="2" time="12.804894"/>
      <testcase name="testFisicaInvalidIdDeleteAction" class="FisicaControllerTest" file="/Users/eduardojunior/projetos/ieducar2/www/module/Usuario/tests/src/Usuario/Controller/FisicaControllerTest.php" line="370" assertions="2" time="14.034039"/>
    </testsuite>
    <testsuite name="JuridicaControllerTest" file="/Users/eduardojunior/projetos/ieducar2/www/module/Usuario/tests/src/Usuario/Controller/JuridicaControllerTest.php" tests="9" assertions="38" failures="0" errors="0" time="123.576399">
      <testcase name="testJuridicaIndexAction" class="JuridicaControllerTest" file="/Users/eduardojunior/projetos/ieducar2/www/module/Usuario/tests/src/Usuario/Controller/JuridicaControllerTest.php" line="29" assertions="5" time="12.929847"/>
      <testcase name="testJuridicaSaveActionNewRequest" class="JuridicaControllerTest" file="/Users/eduardojunior/projetos/ieducar2/www/module/Usuario/tests/src/Usuario/Controller/JuridicaControllerTest.php" line="81" assertions="15" time="12.923305"/>
      <testcase name="testJuridicaSaveActionUpdateFormRequest" class="JuridicaControllerTest" file="/Users/eduardojunior/projetos/ieducar2/www/module/Usuario/tests/src/Usuario/Controller/JuridicaControllerTest.php" line="133" assertions="6" time="14.030563"/>
      <testcase name="testJuridicaSaveActionPostRequest" class="JuridicaControllerTest" file="/Users/eduardojunior/projetos/ieducar2/www/module/Usuario/tests/src/Usuario/Controller/JuridicaControllerTest.php" line="176" assertions="2" time="14.177056"/>
      <testcase name="testJuridicaUpdateAction" class="JuridicaControllerTest" file="/Users/eduardojunior/projetos/ieducar2/www/module/Usuario/tests/src/Usuario/Controller/JuridicaControllerTest.php" line="202" assertions="2" time="14.979216"/>
      <testcase name="testJuridicaSaveActionInvalidPostRequest" class="JuridicaControllerTest" file="/Users/eduardojunior/projetos/ieducar2/www/module/Usuario/tests/src/Usuario/Controller/JuridicaControllerTest.php" line="242" assertions="2" time="13.642080"/>
      <testcase name="testJuridicaInvalidDeleteAction" class="JuridicaControllerTest" file="/Users/eduardojunior/projetos/ieducar2/www/module/Usuario/tests/src/Usuario/Controller/JuridicaControllerTest.php" line="272" assertions="2" time="13.087189"/>
      <testcase name="testJuridicaDeleteAction" class="JuridicaControllerTest" file="/Users/eduardojunior/projetos/ieducar2/www/module/Usuario/tests/src/Usuario/Controller/JuridicaControllerTest.php" line="289" assertions="2" time="13.581922"/>
      <testcase name="testJuridicaInvalidIdDeleteAction" class="JuridicaControllerTest" file="/Users/eduardojunior/projetos/ieducar2/www/module/Usuario/tests/src/Usuario/Controller/JuridicaControllerTest.php" line="326" assertions="2" time="14.225221"/>
    </testsuite>
    <testsuite name="OcupacaoControllerTest" file="/Users/eduardojunior/projetos/ieducar2/www/module/Usuario/tests/src/Usuario/Controller/OcupacaoControllerTest.php" tests="9" assertions="30" failures="0" errors="0" time="141.830788">
      <testcase name="testOcupacaoIndexAction" class="OcupacaoControllerTest" file="/Users/eduardojunior/projetos/ieducar2/www/module/Usuario/tests/src/Usuario/Controller/OcupacaoControllerTest.php" line="29" assertions="5" time="14.553451"/>
      <testcase name="testOcupacaoSaveActionNewRequest" class="OcupacaoControllerTest" file="/Users/eduardojunior/projetos/ieducar2/www/module/Usuario/tests/src/Usuario/Controller/OcupacaoControllerTest.php" line="68" assertions="7" time="15.119259"/>
      <testcase name="testOcupacaoSaveActionUpdateFormRequest" class="OcupacaoControllerTest" file="/Users/eduardojunior/projetos/ieducar2/www/module/Usuario/tests/src/Usuario/Controller/OcupacaoControllerTest.php" line="101" assertions="6" time="15.211159"/>
      <testcase name="testOcupacaoSaveActionPostRequest" class="OcupacaoControllerTest" file="/Users/eduardojunior/projetos/ieducar2/www/module/Usuario/tests/src/Usuario/Controller/OcupacaoControllerTest.php" line="138" assertions="2" time="16.966976"/>
      <testcase name="testOcupacaoUpdateAction" class="OcupacaoControllerTest" file="/Users/eduardojunior/projetos/ieducar2/www/module/Usuario/tests/src/Usuario/Controller/OcupacaoControllerTest.php" line="161" assertions="2" time="16.083608"/>
      <testcase name="testOcupacaoSaveActionInvalidPostRequest" class="OcupacaoControllerTest" file="/Users/eduardojunior/projetos/ieducar2/www/module/Usuario/tests/src/Usuario/Controller/OcupacaoControllerTest.php" line="193" assertions="2" time="15.282264"/>
      <testcase name="testOcupacaoInvalidDeleteAction" class="OcupacaoControllerTest" file="/Users/eduardojunior/projetos/ieducar2/www/module/Usuario/tests/src/Usuario/Controller/OcupacaoControllerTest.php" line="226" assertions="2" time="15.916617"/>
      <testcase name="testOcupacaoDeleteAction" class="OcupacaoControllerTest" file="/Users/eduardojunior/projetos/ieducar2/www/module/Usuario/tests/src/Usuario/Controller/OcupacaoControllerTest.php" line="243" assertions="2" time="15.936651"/>
      <testcase name="testOcupacaoInvalidIdDeleteAction" class="OcupacaoControllerTest" file="/Users/eduardojunior/projetos/ieducar2/www/module/Usuario/tests/src/Usuario/Controller/OcupacaoControllerTest.php" line="274" assertions="2" time="16.760803"/>
    </testsuite>
    <testsuite name="PessoaControllerTest" file="/Users/eduardojunior/projetos/ieducar2/www/module/Usuario/tests/src/Usuario/Controller/PessoaControllerTest.php" tests="9" assertions="28" failures="0" errors="0" time="169.914315">
      <testcase name="testPessoaIndexAction" class="PessoaControllerTest" file="/Users/eduardojunior/projetos/ieducar2/www/module/Usuario/tests/src/Usuario/Controller/PessoaControllerTest.php" line="32" assertions="5" time="17.699572"/>
      <testcase name="testPessoaSaveActionNewRequest" class="PessoaControllerTest" file="/Users/eduardojunior/projetos/ieducar2/www/module/Usuario/tests/src/Usuario/Controller/PessoaControllerTest.php" line="74" assertions="5" time="17.934764"/>
      <testcase name="testPessoaSaveActionUpdateFormRequest" class="PessoaControllerTest" file="/Users/eduardojunior/projetos/ieducar2/www/module/Usuario/tests/src/Usuario/Controller/PessoaControllerTest.php" line="103" assertions="6" time="18.556068"/>
      <testcase name="testPessoaSaveActionPostRequest" class="PessoaControllerTest" file="/Users/eduardojunior/projetos/ieducar2/www/module/Usuario/tests/src/Usuario/Controller/PessoaControllerTest.php" line="140" assertions="2" time="18.277623"/>
      <testcase name="testPessoaUpdateAction" class="PessoaControllerTest" file="/Users/eduardojunior/projetos/ieducar2/www/module/Usuario/tests/src/Usuario/Controller/PessoaControllerTest.php" line="168" assertions="2" time="19.661846"/>
      <testcase name="testPessoaSaveActionInvalidPostRequest" class="PessoaControllerTest" file="/Users/eduardojunior/projetos/ieducar2/www/module/Usuario/tests/src/Usuario/Controller/PessoaControllerTest.php" line="205" assertions="2" time="19.781034"/>
      <testcase name="testPessoaInvalidDeleteAction" class="PessoaControllerTest" file="/Users/eduardojunior/projetos/ieducar2/www/module/Usuario/tests/src/Usuario/Controller/PessoaControllerTest.php" line="235" assertions="2" time="18.452353"/>
      <testcase name="testPessoaDeleteAction" class="PessoaControllerTest" file="/Users/eduardojunior/projetos/ieducar2/www/module/Usuario/tests/src/Usuario/Controller/PessoaControllerTest.php" line="251" assertions="2" time="18.966350"/>
      <testcase name="testPessoaInvalidIdDeleteAction" class="PessoaControllerTest" file="/Users/eduardojunior/projetos/ieducar2/www/module/Usuario/tests/src/Usuario/Controller/PessoaControllerTest.php" line="282" assertions="2" time="20.584705"/>
    </testsuite>
    <testsuite name="RacaControllerTest" file="/Users/eduardojunior/projetos/ieducar2/www/module/Usuario/tests/src/Usuario/Controller/RacaControllerTest.php" tests="9" assertions="31" failures="0" errors="0" time="196.838364">
      <testcase name="testRacaIndexAction" class="RacaControllerTest" file="/Users/eduardojunior/projetos/ieducar2/www/module/Usuario/tests/src/Usuario/Controller/RacaControllerTest.php" line="29" assertions="6" time="20.526149"/>
      <testcase name="testRacaSaveActionNewRequest" class="RacaControllerTest" file="/Users/eduardojunior/projetos/ieducar2/www/module/Usuario/tests/src/Usuario/Controller/RacaControllerTest.php" line="68" assertions="7" time="20.865871"/>
      <testcase name="testRacaSaveActionUpdateFormRequest" class="RacaControllerTest" file="/Users/eduardojunior/projetos/ieducar2/www/module/Usuario/tests/src/Usuario/Controller/RacaControllerTest.php" line="101" assertions="6" time="22.030390"/>
      <testcase name="testRacaSaveActionPostRequest" class="RacaControllerTest" file="/Users/eduardojunior/projetos/ieducar2/www/module/Usuario/tests/src/Usuario/Controller/RacaControllerTest.php" line="138" assertions="2" time="21.786773"/>
      <testcase name="testRacaUpdateAction" class="RacaControllerTest" file="/Users/eduardojunior/projetos/ieducar2/www/module/Usuario/tests/src/Usuario/Controller/RacaControllerTest.php" line="162" assertions="2" time="21.740201"/>
      <testcase name="testRacaSaveActionInvalidPostRequest" class="RacaControllerTest" file="/Users/eduardojunior/projetos/ieducar2/www/module/Usuario/tests/src/Usuario/Controller/RacaControllerTest.php" line="194" assertions="2" time="21.722503"/>
      <testcase name="testRacaInvalidDeleteAction" class="RacaControllerTest" file="/Users/eduardojunior/projetos/ieducar2/www/module/Usuario/tests/src/Usuario/Controller/RacaControllerTest.php" line="227" assertions="2" time="21.953069"/>
      <testcase name="testRacaDeleteAction" class="RacaControllerTest" file="/Users/eduardojunior/projetos/ieducar2/www/module/Usuario/tests/src/Usuario/Controller/RacaControllerTest.php" line="243" assertions="2" time="23.414328"/>
      <testcase name="testRacaInvalidIdDeleteAction" class="RacaControllerTest" file="/Users/eduardojunior/projetos/ieducar2/www/module/Usuario/tests/src/Usuario/Controller/RacaControllerTest.php" line="274" assertions="2" time="22.799080"/>
    </testsuite>
    <testsuite name="ReligiaoControllerTest" file="/Users/eduardojunior/projetos/ieducar2/www/module/Usuario/tests/src/Usuario/Controller/ReligiaoControllerTest.php" tests="9" assertions="30" failures="0" errors="0" time="231.617432">
      <testcase name="testReligiaoIndexAction" class="ReligiaoControllerTest" file="/Users/eduardojunior/projetos/ieducar2/www/module/Usuario/tests/src/Usuario/Controller/ReligiaoControllerTest.php" line="29" assertions="5" time="23.142654"/>
      <testcase name="testReligiaoSaveActionNewRequest" class="ReligiaoControllerTest" file="/Users/eduardojunior/projetos/ieducar2/www/module/Usuario/tests/src/Usuario/Controller/ReligiaoControllerTest.php" line="68" assertions="7" time="23.779162"/>
      <testcase name="testReligiaoSaveActionUpdateFormRequest" class="ReligiaoControllerTest" file="/Users/eduardojunior/projetos/ieducar2/www/module/Usuario/tests/src/Usuario/Controller/ReligiaoControllerTest.php" line="105" assertions="6" time="24.697146"/>
      <testcase name="testReligiaoSaveActionPostRequest" class="ReligiaoControllerTest" file="/Users/eduardojunior/projetos/ieducar2/www/module/Usuario/tests/src/Usuario/Controller/ReligiaoControllerTest.php" line="142" assertions="2" time="25.429625"/>
      <testcase name="testReligiaoUpdateAction" class="ReligiaoControllerTest" file="/Users/eduardojunior/projetos/ieducar2/www/module/Usuario/tests/src/Usuario/Controller/ReligiaoControllerTest.php" line="166" assertions="2" time="26.095802"/>
      <testcase name="testEscolaridadeSaveActionInvalidPostRequest" class="ReligiaoControllerTest" file="/Users/eduardojunior/projetos/ieducar2/www/module/Usuario/tests/src/Usuario/Controller/ReligiaoControllerTest.php" line="198" assertions="2" time="26.363916"/>
      <testcase name="testReligiaoInvalidDeleteAction" class="ReligiaoControllerTest" file="/Users/eduardojunior/projetos/ieducar2/www/module/Usuario/tests/src/Usuario/Controller/ReligiaoControllerTest.php" line="231" assertions="2" time="27.451568"/>
      <testcase name="testReligiaoDeleteAction" class="ReligiaoControllerTest" file="/Users/eduardojunior/projetos/ieducar2/www/module/Usuario/tests/src/Usuario/Controller/ReligiaoControllerTest.php" line="248" assertions="2" time="27.515991"/>
      <testcase name="testReligiaoInvalidIdDeleteAction" class="ReligiaoControllerTest" file="/Users/eduardojunior/projetos/ieducar2/www/module/Usuario/tests/src/Usuario/Controller/ReligiaoControllerTest.php" line="279" assertions="2" time="27.141568"/>
    </testsuite>
    <testsuite name="Usuario\Entity\EscolaridadeTest" file="/Users/eduardojunior/projetos/ieducar2/www/module/Usuario/tests/src/Usuario/Entity/EscolaridadeTest.php" tests="6" assertions="12" failures="0" errors="0" time="177.387115">
      <testcase name="testGetInputFilter" class="Usuario\Entity\EscolaridadeTest" file="/Users/eduardojunior/projetos/ieducar2/www/module/Usuario/tests/src/Usuario/Entity/EscolaridadeTest.php" line="21" assertions="1" time="28.579989"/>
      <testcase name="testInputFilterValid" class="Usuario\Entity\EscolaridadeTest" file="/Users/eduardojunior/projetos/ieducar2/www/module/Usuario/tests/src/Usuario/Entity/EscolaridadeTest.php" line="33" assertions="3" time="28.999689"/>
      <testcase name="testInsert" class="Usuario\Entity\EscolaridadeTest" file="/Users/eduardojunior/projetos/ieducar2/www/module/Usuario/tests/src/Usuario/Entity/EscolaridadeTest.php" line="44" assertions="4" time="29.946713"/>
      <testcase name="testInputFilterInvalidDescricao" class="Usuario\Entity\EscolaridadeTest" file="/Users/eduardojunior/projetos/ieducar2/www/module/Usuario/tests/src/Usuario/Entity/EscolaridadeTest.php" line="65" assertions="1" time="30.018413"/>
      <testcase name="testUpdate" class="Usuario\Entity\EscolaridadeTest" file="/Users/eduardojunior/projetos/ieducar2/www/module/Usuario/tests/src/Usuario/Entity/EscolaridadeTest.php" line="76" assertions="2" time="29.773667"/>
      <testcase name="testDelete" class="Usuario\Entity\EscolaridadeTest" file="/Users/eduardojunior/projetos/ieducar2/www/module/Usuario/tests/src/Usuario/Entity/EscolaridadeTest.php" line="95" assertions="1" time="30.068644"/>
    </testsuite>
    <testsuite name="Usuario\Entity\EstadoCivilTest" file="/Users/eduardojunior/projetos/ieducar2/www/module/Usuario/tests/src/Usuario/Entity/EstadoCivilTest.php" tests="6" assertions="12" failures="0" errors="0" time="197.904643">
      <testcase name="testGetInputFilter" class="Usuario\Entity\EstadoCivilTest" file="/Users/eduardojunior/projetos/ieducar2/www/module/Usuario/tests/src/Usuario/Entity/EstadoCivilTest.php" line="21" assertions="1" time="31.947254"/>
      <testcase name="testInputFilterValid" class="Usuario\Entity\EstadoCivilTest" file="/Users/eduardojunior/projetos/ieducar2/www/module/Usuario/tests/src/Usuario/Entity/EstadoCivilTest.php" line="33" assertions="3" time="31.919171"/>
      <testcase name="testInsert" class="Usuario\Entity\EstadoCivilTest" file="/Users/eduardojunior/projetos/ieducar2/www/module/Usuario/tests/src/Usuario/Entity/EstadoCivilTest.php" line="44" assertions="4" time="34.010657"/>
      <testcase name="testInputFilterInvalidDescricao" class="Usuario\Entity\EstadoCivilTest" file="/Users/eduardojunior/projetos/ieducar2/www/module/Usuario/tests/src/Usuario/Entity/EstadoCivilTest.php" line="65" assertions="1" time="33.189381"/>
      <testcase name="testUpdate" class="Usuario\Entity\EstadoCivilTest" file="/Users/eduardojunior/projetos/ieducar2/www/module/Usuario/tests/src/Usuario/Entity/EstadoCivilTest.php" line="76" assertions="2" time="33.056822"/>
      <testcase name="testDelete" class="Usuario\Entity\EstadoCivilTest" file="/Users/eduardojunior/projetos/ieducar2/www/module/Usuario/tests/src/Usuario/Entity/EstadoCivilTest.php" line="96" assertions="1" time="33.781358"/>
    </testsuite>
    <testsuite name="Usuario\Entity\FisicaTest" file="/Users/eduardojunior/projetos/ieducar2/www/module/Usuario/tests/src/Usuario/Entity/FisicaTest.php" tests="7" assertions="45" failures="0" errors="0" time="263.040908">
      <testcase name="testGetInputFilter" class="Usuario\Entity\FisicaTest" file="/Users/eduardojunior/projetos/ieducar2/www/module/Usuario/tests/src/Usuario/Entity/FisicaTest.php" line="22" assertions="1" time="35.053622"/>
      <testcase name="testInputFilterValid" class="Usuario\Entity\FisicaTest" file="/Users/eduardojunior/projetos/ieducar2/www/module/Usuario/tests/src/Usuario/Entity/FisicaTest.php" line="33" assertions="33" time="35.518494"/>
      <testcase name="testInsert" class="Usuario\Entity\FisicaTest" file="/Users/eduardojunior/projetos/ieducar2/www/module/Usuario/tests/src/Usuario/Entity/FisicaTest.php" line="81" assertions="4" time="37.468196"/>
      <testcase name="testInsertAfter" class="Usuario\Entity\FisicaTest" file="/Users/eduardojunior/projetos/ieducar2/www/module/Usuario/tests/src/Usuario/Entity/FisicaTest.php" line="116" assertions="3" time="37.124364"/>
      <testcase name="testInputFilterInvalidCpf" class="Usuario\Entity\FisicaTest" file="/Users/eduardojunior/projetos/ieducar2/www/module/Usuario/tests/src/Usuario/Entity/FisicaTest.php" line="160" assertions="1" time="38.650673"/>
      <testcase name="testUpdate" class="Usuario\Entity\FisicaTest" file="/Users/eduardojunior/projetos/ieducar2/www/module/Usuario/tests/src/Usuario/Entity/FisicaTest.php" line="173" assertions="2" time="38.816871"/>
      <testcase name="testDelete" class="Usuario\Entity\FisicaTest" file="/Users/eduardojunior/projetos/ieducar2/www/module/Usuario/tests/src/Usuario/Entity/FisicaTest.php" line="195" assertions="1" time="40.408688"/>
    </testsuite>
    <testsuite name="Usuario\Entity\JuridicaTest" file="/Users/eduardojunior/projetos/ieducar2/www/module/Usuario/tests/src/Usuario/Entity/JuridicaTest.php" tests="7" assertions="25" failures="0" errors="0" time="321.031356">
      <testcase name="testGetInputFilter" class="Usuario\Entity\JuridicaTest" file="/Users/eduardojunior/projetos/ieducar2/www/module/Usuario/tests/src/Usuario/Entity/JuridicaTest.php" line="22" assertions="1" time="39.800311"/>
      <testcase name="testInputFilterValid" class="Usuario\Entity\JuridicaTest" file="/Users/eduardojunior/projetos/ieducar2/www/module/Usuario/tests/src/Usuario/Entity/JuridicaTest.php" line="33" assertions="13" time="42.363186"/>
      <testcase name="testInsert" class="Usuario\Entity\JuridicaTest" file="/Users/eduardojunior/projetos/ieducar2/www/module/Usuario/tests/src/Usuario/Entity/JuridicaTest.php" line="57" assertions="4" time="45.740044"/>
      <testcase name="testInsertAfter" class="Usuario\Entity\JuridicaTest" file="/Users/eduardojunior/projetos/ieducar2/www/module/Usuario/tests/src/Usuario/Entity/JuridicaTest.php" line="90" assertions="3" time="51.171711"/>
      <testcase name="testInputFilterInvalidCnpjf" class="Usuario\Entity\JuridicaTest" file="/Users/eduardojunior/projetos/ieducar2/www/module/Usuario/tests/src/Usuario/Entity/JuridicaTest.php" line="138" assertions="1" time="45.651433"/>
      <testcase name="testUpdate" class="Usuario\Entity\JuridicaTest" file="/Users/eduardojunior/projetos/ieducar2/www/module/Usuario/tests/src/Usuario/Entity/JuridicaTest.php" line="146" assertions="2" time="47.300932"/>
      <testcase name="testDelete" class="Usuario\Entity\JuridicaTest" file="/Users/eduardojunior/projetos/ieducar2/www/module/Usuario/tests/src/Usuario/Entity/JuridicaTest.php" line="172" assertions="1" time="49.003739"/>
    </testsuite>
    <testsuite name="Usuario\Entity\OcupacaoTest" file="/Users/eduardojunior/projetos/ieducar2/www/module/Usuario/tests/src/Usuario/Entity/OcupacaoTest.php" tests="6" assertions="12" failures="0" errors="0" time="313.522720">
      <testcase name="testGetInputFilter" class="Usuario\Entity\OcupacaoTest" file="/Users/eduardojunior/projetos/ieducar2/www/module/Usuario/tests/src/Usuario/Entity/OcupacaoTest.php" line="21" assertions="1" time="48.792132"/>
      <testcase name="testInputFilterValid" class="Usuario\Entity\OcupacaoTest" file="/Users/eduardojunior/projetos/ieducar2/www/module/Usuario/tests/src/Usuario/Entity/OcupacaoTest.php" line="33" assertions="3" time="50.792996"/>
      <testcase name="testInsert" class="Usuario\Entity\OcupacaoTest" file="/Users/eduardojunior/projetos/ieducar2/www/module/Usuario/tests/src/Usuario/Entity/OcupacaoTest.php" line="44" assertions="4" time="51.669787"/>
      <testcase name="testInputFilterInvalidDescricao" class="Usuario\Entity\OcupacaoTest" file="/Users/eduardojunior/projetos/ieducar2/www/module/Usuario/tests/src/Usuario/Entity/OcupacaoTest.php" line="65" assertions="1" time="53.042523"/>
      <testcase name="testUpdate" class="Usuario\Entity\OcupacaoTest" file="/Users/eduardojunior/projetos/ieducar2/www/module/Usuario/tests/src/Usuario/Entity/OcupacaoTest.php" line="76" assertions="2" time="53.325615"/>
      <testcase name="testDelete" class="Usuario\Entity\OcupacaoTest" file="/Users/eduardojunior/projetos/ieducar2/www/module/Usuario/tests/src/Usuario/Entity/OcupacaoTest.php" line="96" assertions="1" time="55.899667"/>
    </testsuite>
    <testsuite name="Usuario\Entity\PessoaTest" file="/Users/eduardojunior/projetos/ieducar2/www/module/Usuario/tests/src/Usuario/Entity/PessoaTest.php" tests="11" assertions="54" failures="0" errors="0" time="626.181262">
      <testcase name="testGetInputFilter" class="Usuario\Entity\PessoaTest" file="/Users/eduardojunior/projetos/ieducar2/www/module/Usuario/tests/src/Usuario/Entity/PessoaTest.php" line="23" assertions="1" time="54.356301"/>
      <testcase name="testInputFilterValid" class="Usuario\Entity\PessoaTest" file="/Users/eduardojunior/projetos/ieducar2/www/module/Usuario/tests/src/Usuario/Entity/PessoaTest.php" line="34" assertions="13" time="55.327990"/>
      <testcase name="testInsert" class="Usuario\Entity\PessoaTest" file="/Users/eduardojunior/projetos/ieducar2/www/module/Usuario/tests/src/Usuario/Entity/PessoaTest.php" line="58" assertions="3" time="56.433840"/>
      <testcase name="testeInsertNomeInvalido" class="Usuario\Entity\PessoaTest" file="/Users/eduardojunior/projetos/ieducar2/www/module/Usuario/tests/src/Usuario/Entity/PessoaTest.php" line="109" assertions="2" time="57.769079"/>
      <testcase name="testInputFilterInvalidoTipo" class="Usuario\Entity\PessoaTest" file="/Users/eduardojunior/projetos/ieducar2/www/module/Usuario/tests/src/Usuario/Entity/PessoaTest.php" line="120" assertions="1" time="55.176602"/>
      <testcase name="testInputFilterInvalidoDataRev" class="Usuario\Entity\PessoaTest" file="/Users/eduardojunior/projetos/ieducar2/www/module/Usuario/tests/src/Usuario/Entity/PessoaTest.php" line="131" assertions="1" time="52.854058"/>
      <testcase name="testInputFilterInvalidoUrl" class="Usuario\Entity\PessoaTest" file="/Users/eduardojunior/projetos/ieducar2/www/module/Usuario/tests/src/Usuario/Entity/PessoaTest.php" line="142" assertions="1" time="55.357066"/>
      <testcase name="testUpdate" class="Usuario\Entity\PessoaTest" file="/Users/eduardojunior/projetos/ieducar2/www/module/Usuario/tests/src/Usuario/Entity/PessoaTest.php" line="158" assertions="4" time="55.902755"/>
      <testcase name="testDelete" class="Usuario\Entity\PessoaTest" file="/Users/eduardojunior/projetos/ieducar2/www/module/Usuario/tests/src/Usuario/Entity/PessoaTest.php" line="224" assertions="2" time="57.525105"/>
      <testcase name="testHistoricoDelete" class="Usuario\Entity\PessoaTest" file="/Users/eduardojunior/projetos/ieducar2/www/module/Usuario/tests/src/Usuario/Entity/PessoaTest.php" line="270" assertions="12" time="59.928989"/>
      <testcase name="testHistoricoUpdate" class="Usuario\Entity\PessoaTest" file="/Users/eduardojunior/projetos/ieducar2/www/module/Usuario/tests/src/Usuario/Entity/PessoaTest.php" line="319" assertions="14" time="65.549477"/>
    </testsuite>
    <testsuite name="Usuario\Entity\RacaTest" file="/Users/eduardojunior/projetos/ieducar2/www/module/Usuario/tests/src/Usuario/Entity/RacaTest.php" tests="6" assertions="14" failures="0" errors="0" time="389.935476">
      <testcase name="testGetInputFilter" class="Usuario\Entity\RacaTest" file="/Users/eduardojunior/projetos/ieducar2/www/module/Usuario/tests/src/Usuario/Entity/RacaTest.php" line="21" assertions="1" time="62.371619"/>
      <testcase name="testInputFilterValid" class="Usuario\Entity\RacaTest" file="/Users/eduardojunior/projetos/ieducar2/www/module/Usuario/tests/src/Usuario/Entity/RacaTest.php" line="33" assertions="5" time="63.260705"/>
      <testcase name="testInsert" class="Usuario\Entity\RacaTest" file="/Users/eduardojunior/projetos/ieducar2/www/module/Usuario/tests/src/Usuario/Entity/RacaTest.php" line="46" assertions="4" time="64.417881"/>
      <testcase name="testInputFilterInvalidNome" class="Usuario\Entity\RacaTest" file="/Users/eduardojunior/projetos/ieducar2/www/module/Usuario/tests/src/Usuario/Entity/RacaTest.php" line="67" assertions="1" time="65.815695"/>
      <testcase name="testUpdate" class="Usuario\Entity\RacaTest" file="/Users/eduardojunior/projetos/ieducar2/www/module/Usuario/tests/src/Usuario/Entity/RacaTest.php" line="79" assertions="2" time="66.793434"/>
      <testcase name="testDelete" class="Usuario\Entity\RacaTest" file="/Users/eduardojunior/projetos/ieducar2/www/module/Usuario/tests/src/Usuario/Entity/RacaTest.php" line="97" assertions="1" time="67.276142"/>
    </testsuite>
    <testsuite name="Usuario\Entity\ReligiaoTest" file="/Users/eduardojunior/projetos/ieducar2/www/module/Usuario/tests/src/Usuario/Entity/ReligiaoTest.php" tests="8" assertions="20" failures="0" errors="0" time="568.957429">
      <testcase name="testGetInputFilter" class="Usuario\Entity\ReligiaoTest" file="/Users/eduardojunior/projetos/ieducar2/www/module/Usuario/tests/src/Usuario/Entity/ReligiaoTest.php" line="21" assertions="1" time="68.136262"/>
      <testcase name="testInputFilterValid" class="Usuario\Entity\ReligiaoTest" file="/Users/eduardojunior/projetos/ieducar2/www/module/Usuario/tests/src/Usuario/Entity/ReligiaoTest.php" line="33" assertions="6" time="67.766410"/>
      <testcase name="testInsert" class="Usuario\Entity\ReligiaoTest" file="/Users/eduardojunior/projetos/ieducar2/www/module/Usuario/tests/src/Usuario/Entity/ReligiaoTest.php" line="49" assertions="4" time="69.865513"/>
      <testcase name="testBuildPessoa" class="Usuario\Entity\ReligiaoTest" file="/Users/eduardojunior/projetos/ieducar2/www/module/Usuario/tests/src/Usuario/Entity/ReligiaoTest.php" line="67" assertions="0" time="72.390092"/>
      <testcase name="testInsertWithPessoa" class="Usuario\Entity\ReligiaoTest" file="/Users/eduardojunior/projetos/ieducar2/www/module/Usuario/tests/src/Usuario/Entity/ReligiaoTest.php" line="87" assertions="5" time="70.882928"/>
      <testcase name="testInputFilterInvalidReligiao" class="Usuario\Entity\ReligiaoTest" file="/Users/eduardojunior/projetos/ieducar2/www/module/Usuario/tests/src/Usuario/Entity/ReligiaoTest.php" line="110" assertions="1" time="72.701770"/>
      <testcase name="testUpdate" class="Usuario\Entity\ReligiaoTest" file="/Users/eduardojunior/projetos/ieducar2/www/module/Usuario/tests/src/Usuario/Entity/ReligiaoTest.php" line="121" assertions="2" time="73.288540"/>
      <testcase name="testDelete" class="Usuario\Entity\ReligiaoTest" file="/Users/eduardojunior/projetos/ieducar2/www/module/Usuario/tests/src/Usuario/Entity/ReligiaoTest.php" line="140" assertions="1" time="73.925914"/>
    </testsuite>
  </testsuite>
</testsuites>
