<?xml version="1.0" encoding="UTF-8"?>
<testsuites>
  <testsuite name="Usuario Test Suite" tests="17" assertions="50" failures="0" errors="0" time="18.194878">
    <testsuite name="EscolaridadeControllerTest" file="/Users/eduardojunior/Websites/ieducar2/www/module/Usuario/tests/src/Usuario/Controller/EscolaridadeControllerTest.php" tests="0" assertions="0" failures="0" errors="0" time="0.000000"/>
    <testsuite name="EstadoCivilControllerTest" file="/Users/eduardojunior/Websites/ieducar2/www/module/Usuario/tests/src/Usuario/Controller/EstadoCivilControllerTest.php" tests="0" assertions="0" failures="0" errors="0" time="0.000000"/>
    <testsuite name="FisicaControllerTest" file="/Users/eduardojunior/Websites/ieducar2/www/module/Usuario/tests/src/Usuario/Controller/FisicaControllerTest.php" tests="0" assertions="0" failures="0" errors="0" time="0.000000"/>
    <testsuite name="JuridicaControllerTest" file="/Users/eduardojunior/Websites/ieducar2/www/module/Usuario/tests/src/Usuario/Controller/JuridicaControllerTest.php" tests="0" assertions="0" failures="0" errors="0" time="0.000000"/>
    <testsuite name="OcupacaoControllerTest" file="/Users/eduardojunior/Websites/ieducar2/www/module/Usuario/tests/src/Usuario/Controller/OcupacaoControllerTest.php" tests="0" assertions="0" failures="0" errors="0" time="0.000000"/>
    <testsuite name="PessoaControllerTest" file="/Users/eduardojunior/Websites/ieducar2/www/module/Usuario/tests/src/Usuario/Controller/PessoaControllerTest.php" tests="0" assertions="0" failures="0" errors="0" time="0.000000"/>
    <testsuite name="ReligiaoControllerTest" file="/Users/eduardojunior/Websites/ieducar2/www/module/Usuario/tests/src/Usuario/Controller/ReligiaoControllerTest.php" tests="9" assertions="30" failures="0" errors="0" time="11.280934">
      <testcase name="testReligiaoIndexAction" class="ReligiaoControllerTest" file="/Users/eduardojunior/Websites/ieducar2/www/module/Usuario/tests/src/Usuario/Controller/ReligiaoControllerTest.php" line="29" assertions="5" time="3.682137"/>
      <testcase name="testReligiaoSaveActionNewRequest" class="ReligiaoControllerTest" file="/Users/eduardojunior/Websites/ieducar2/www/module/Usuario/tests/src/Usuario/Controller/ReligiaoControllerTest.php" line="68" assertions="7" time="0.707171"/>
      <testcase name="testReligiaoSaveActionUpdateFormRequest" class="ReligiaoControllerTest" file="/Users/eduardojunior/Websites/ieducar2/www/module/Usuario/tests/src/Usuario/Controller/ReligiaoControllerTest.php" line="105" assertions="6" time="0.719068"/>
      <testcase name="testReligiaoSaveActionPostRequest" class="ReligiaoControllerTest" file="/Users/eduardojunior/Websites/ieducar2/www/module/Usuario/tests/src/Usuario/Controller/ReligiaoControllerTest.php" line="142" assertions="2" time="0.780578"/>
      <testcase name="testReligiaoUpdateAction" class="ReligiaoControllerTest" file="/Users/eduardojunior/Websites/ieducar2/www/module/Usuario/tests/src/Usuario/Controller/ReligiaoControllerTest.php" line="166" assertions="2" time="0.688998"/>
      <testcase name="testEscolaridadeSaveActionInvalidPostRequest" class="ReligiaoControllerTest" file="/Users/eduardojunior/Websites/ieducar2/www/module/Usuario/tests/src/Usuario/Controller/ReligiaoControllerTest.php" line="198" assertions="2" time="0.748338"/>
      <testcase name="testReligiaoInvalidDeleteAction" class="ReligiaoControllerTest" file="/Users/eduardojunior/Websites/ieducar2/www/module/Usuario/tests/src/Usuario/Controller/ReligiaoControllerTest.php" line="231" assertions="2" time="0.775107"/>
      <testcase name="testReligiaoDeleteAction" class="ReligiaoControllerTest" file="/Users/eduardojunior/Websites/ieducar2/www/module/Usuario/tests/src/Usuario/Controller/ReligiaoControllerTest.php" line="248" assertions="2" time="0.848317"/>
      <testcase name="testReligiaoInvalidIdDeleteAction" class="ReligiaoControllerTest" file="/Users/eduardojunior/Websites/ieducar2/www/module/Usuario/tests/src/Usuario/Controller/ReligiaoControllerTest.php" line="279" assertions="2" time="2.331220"/>
    </testsuite>
    <testsuite name="Usuario\Entity\EscolaridadeTest" file="/Users/eduardojunior/Websites/ieducar2/www/module/Usuario/tests/src/Usuario/Entity/EscolaridadeTest.php" namespace="Usuario\Entity" fullPackage="Usuario.Entity" tests="0" assertions="0" failures="0" errors="0" time="0.000000"/>
    <testsuite name="Usuario\Entity\EstadoCivilTest" file="/Users/eduardojunior/Websites/ieducar2/www/module/Usuario/tests/src/Usuario/Entity/EstadoCivilTest.php" namespace="Usuario\Entity" fullPackage="Usuario.Entity" tests="0" assertions="0" failures="0" errors="0" time="0.000000"/>
    <testsuite name="Usuario\Entity\FisicaTest" file="/Users/eduardojunior/Websites/ieducar2/www/module/Usuario/tests/src/Usuario/Entity/FisicaTest.php" namespace="Usuario\Entity" fullPackage="Usuario.Entity" tests="0" assertions="0" failures="0" errors="0" time="0.000000"/>
    <testsuite name="Usuario\Entity\JuridicaTest" file="/Users/eduardojunior/Websites/ieducar2/www/module/Usuario/tests/src/Usuario/Entity/JuridicaTest.php" namespace="Usuario\Entity" fullPackage="Usuario.Entity" tests="0" assertions="0" failures="0" errors="0" time="0.000000"/>
    <testsuite name="Usuario\Entity\OcupacaoTest" file="/Users/eduardojunior/Websites/ieducar2/www/module/Usuario/tests/src/Usuario/Entity/OcupacaoTest.php" namespace="Usuario\Entity" fullPackage="Usuario.Entity" tests="0" assertions="0" failures="0" errors="0" time="0.000000"/>
    <testsuite name="Usuario\Entity\PessoaTest" file="/Users/eduardojunior/Websites/ieducar2/www/module/Usuario/tests/src/Usuario/Entity/PessoaTest.php" namespace="Usuario\Entity" fullPackage="Usuario.Entity" tests="0" assertions="0" failures="0" errors="0" time="0.000000"/>
    <testsuite name="Usuario\Entity\ReligiaoTest" file="/Users/eduardojunior/Websites/ieducar2/www/module/Usuario/tests/src/Usuario/Entity/ReligiaoTest.php" namespace="Usuario\Entity" fullPackage="Usuario.Entity" tests="8" assertions="20" failures="0" errors="0" time="6.913944">
      <testcase name="testGetInputFilter" class="Usuario\Entity\ReligiaoTest" file="/Users/eduardojunior/Websites/ieducar2/www/module/Usuario/tests/src/Usuario/Entity/ReligiaoTest.php" line="21" assertions="1" time="0.718252"/>
      <testcase name="testInputFilterValid" class="Usuario\Entity\ReligiaoTest" file="/Users/eduardojunior/Websites/ieducar2/www/module/Usuario/tests/src/Usuario/Entity/ReligiaoTest.php" line="33" assertions="6" time="0.728621"/>
      <testcase name="testInsert" class="Usuario\Entity\ReligiaoTest" file="/Users/eduardojunior/Websites/ieducar2/www/module/Usuario/tests/src/Usuario/Entity/ReligiaoTest.php" line="49" assertions="4" time="1.178119"/>
      <testcase name="testBuildPessoa" class="Usuario\Entity\ReligiaoTest" file="/Users/eduardojunior/Websites/ieducar2/www/module/Usuario/tests/src/Usuario/Entity/ReligiaoTest.php" line="67" assertions="0" time="1.208835"/>
      <testcase name="testInsertWithPessoa" class="Usuario\Entity\ReligiaoTest" file="/Users/eduardojunior/Websites/ieducar2/www/module/Usuario/tests/src/Usuario/Entity/ReligiaoTest.php" line="87" assertions="5" time="0.780918"/>
      <testcase name="testInputFilterInvalidReligiao" class="Usuario\Entity\ReligiaoTest" file="/Users/eduardojunior/Websites/ieducar2/www/module/Usuario/tests/src/Usuario/Entity/ReligiaoTest.php" line="110" assertions="1" time="0.762737"/>
      <testcase name="testUpdate" class="Usuario\Entity\ReligiaoTest" file="/Users/eduardojunior/Websites/ieducar2/www/module/Usuario/tests/src/Usuario/Entity/ReligiaoTest.php" line="121" assertions="2" time="0.746668"/>
      <testcase name="testDelete" class="Usuario\Entity\ReligiaoTest" file="/Users/eduardojunior/Websites/ieducar2/www/module/Usuario/tests/src/Usuario/Entity/ReligiaoTest.php" line="140" assertions="1" time="0.789794"/>
    </testsuite>
  </testsuite>
</testsuites>
