<?xml version="1.0" encoding="UTF-8"?>
<testsuites>
  <testsuite name="Drh Test Suite" tests="4" assertions="31" failures="1" errors="0" time="3.346696">
    <testsuite name="SetorControllerTest" file="/Users/eduardojunior/Websites/ieducar2/www/module/Drh/tests/src/Drh/Controller/SetorControllerTest.php" tests="4" assertions="31" failures="1" errors="0" time="3.346696">
      <testcase name="testSetorIndexAction" class="SetorControllerTest" file="/Users/eduardojunior/Websites/ieducar2/www/module/Drh/tests/src/Drh/Controller/SetorControllerTest.php" line="29" assertions="5" time="0.839601"/>
      <testcase name="testSetorSaveActionNewRequest" class="SetorControllerTest" file="/Users/eduardojunior/Websites/ieducar2/www/module/Drh/tests/src/Drh/Controller/SetorControllerTest.php" line="69" assertions="19" time="1.120442"/>
      <testcase name="testSetorSaveActionUpdateFormRequest" class="SetorControllerTest" file="/Users/eduardojunior/Websites/ieducar2/www/module/Drh/tests/src/Drh/Controller/SetorControllerTest.php" line="127" assertions="6" time="0.651303"/>
      <testcase name="testSetorSaveActionPostRequest" class="SetorControllerTest" file="/Users/eduardojunior/Websites/ieducar2/www/module/Drh/tests/src/Drh/Controller/SetorControllerTest.php" line="164" assertions="1" time="0.735350">
        <failure type="PHPUnit_Framework_ExpectationFailedException">SetorControllerTest::testSetorSaveActionPostRequest
Failed asserting that 200 matches expected 302.

/Users/eduardojunior/Websites/ieducar2/www/module/Drh/tests/src/Drh/Controller/SetorControllerTest.php:184
</failure>
      </testcase>
    </testsuite>
  </testsuite>
</testsuites>
