<?xml version="1.0" encoding="UTF-8"?>
<testsuites>
  <testsuite name="Drh Test Suite" tests="15" assertions="60" failures="0" errors="0" time="23.372531">
    <testsuite name="SetorControllerTest" file="/Users/eduardojunior/Websites/ieducar2/www/module/Drh/tests/src/Drh/Controller/SetorControllerTest.php" tests="9" assertions="40" failures="0" errors="0" time="17.920501">
      <testcase name="testSetorIndexAction" class="SetorControllerTest" file="/Users/eduardojunior/Websites/ieducar2/www/module/Drh/tests/src/Drh/Controller/SetorControllerTest.php" line="29" assertions="5" time="9.354538"/>
      <testcase name="testSetorSaveActionNewRequest" class="SetorControllerTest" file="/Users/eduardojunior/Websites/ieducar2/www/module/Drh/tests/src/Drh/Controller/SetorControllerTest.php" line="69" assertions="17" time="0.869692"/>
      <testcase name="testSetorSaveActionUpdateFormRequest" class="SetorControllerTest" file="/Users/eduardojunior/Websites/ieducar2/www/module/Drh/tests/src/Drh/Controller/SetorControllerTest.php" line="127" assertions="6" time="0.814912"/>
      <testcase name="testSetorSaveActionPostRequest" class="SetorControllerTest" file="/Users/eduardojunior/Websites/ieducar2/www/module/Drh/tests/src/Drh/Controller/SetorControllerTest.php" line="164" assertions="2" time="1.836978"/>
      <testcase name="testSetorUpdateAction" class="SetorControllerTest" file="/Users/eduardojunior/Websites/ieducar2/www/module/Drh/tests/src/Drh/Controller/SetorControllerTest.php" line="192" assertions="2" time="0.803726"/>
      <testcase name="testSetorSaveActionInvalidPostRequest" class="SetorControllerTest" file="/Users/eduardojunior/Websites/ieducar2/www/module/Drh/tests/src/Drh/Controller/SetorControllerTest.php" line="230" assertions="2" time="0.878808"/>
      <testcase name="testSetorInvalidDeleteAction" class="SetorControllerTest" file="/Users/eduardojunior/Websites/ieducar2/www/module/Drh/tests/src/Drh/Controller/SetorControllerTest.php" line="263" assertions="2" time="0.929117"/>
      <testcase name="testSetorDeleteAction" class="SetorControllerTest" file="/Users/eduardojunior/Websites/ieducar2/www/module/Drh/tests/src/Drh/Controller/SetorControllerTest.php" line="279" assertions="2" time="0.870003"/>
      <testcase name="testFuncionarioInvalidIdDeleteAction" class="SetorControllerTest" file="/Users/eduardojunior/Websites/ieducar2/www/module/Drh/tests/src/Drh/Controller/SetorControllerTest.php" line="310" assertions="2" time="1.562726"/>
    </testsuite>
    <testsuite name="Drh\Entity\SetorTest" file="/Users/eduardojunior/Websites/ieducar2/www/module/Drh/tests/src/Drh/Entity/SetorTest.php" namespace="Drh\Entity" fullPackage="Drh.Entity" tests="6" assertions="20" failures="0" errors="0" time="5.452030">
      <testcase name="testGetInputFilter" class="Drh\Entity\SetorTest" file="/Users/eduardojunior/Websites/ieducar2/www/module/Drh/tests/src/Drh/Entity/SetorTest.php" line="21" assertions="1" time="0.771850"/>
      <testcase name="testInputFilterValid" class="Drh\Entity\SetorTest" file="/Users/eduardojunior/Websites/ieducar2/www/module/Drh/tests/src/Drh/Entity/SetorTest.php" line="33" assertions="11" time="0.843552"/>
      <testcase name="testInsert" class="Drh\Entity\SetorTest" file="/Users/eduardojunior/Websites/ieducar2/www/module/Drh/tests/src/Drh/Entity/SetorTest.php" line="52" assertions="4" time="0.815101"/>
      <testcase name="testInputFilterInvalidSetor" class="Drh\Entity\SetorTest" file="/Users/eduardojunior/Websites/ieducar2/www/module/Drh/tests/src/Drh/Entity/SetorTest.php" line="73" assertions="1" time="0.781216"/>
      <testcase name="testUpdate" class="Drh\Entity\SetorTest" file="/Users/eduardojunior/Websites/ieducar2/www/module/Drh/tests/src/Drh/Entity/SetorTest.php" line="84" assertions="2" time="1.029458"/>
      <testcase name="testDelete" class="Drh\Entity\SetorTest" file="/Users/eduardojunior/Websites/ieducar2/www/module/Drh/tests/src/Drh/Entity/SetorTest.php" line="103" assertions="1" time="1.210853"/>
    </testsuite>
  </testsuite>
</testsuites>
