<?xml version="1.0" encoding="UTF-8"?>
<testsuites>
  <testsuite name="Drh Test Suite" tests="15" assertions="60" failures="0" errors="0" time="279.044897">
    <testsuite name="SetorControllerTest" file="/Users/eduardojunior/projetos/ieducar2/www/module/Drh/tests/src/Drh/Controller/SetorControllerTest.php" tests="9" assertions="40" failures="0" errors="0" time="165.205046">
      <testcase name="testSetorIndexAction" class="SetorControllerTest" file="/Users/eduardojunior/projetos/ieducar2/www/module/Drh/tests/src/Drh/Controller/SetorControllerTest.php" line="29" assertions="5" time="15.495614"/>
      <testcase name="testSetorSaveActionNewRequest" class="SetorControllerTest" file="/Users/eduardojunior/projetos/ieducar2/www/module/Drh/tests/src/Drh/Controller/SetorControllerTest.php" line="69" assertions="17" time="15.792947"/>
      <testcase name="testSetorSaveActionUpdateFormRequest" class="SetorControllerTest" file="/Users/eduardojunior/projetos/ieducar2/www/module/Drh/tests/src/Drh/Controller/SetorControllerTest.php" line="127" assertions="6" time="16.723983"/>
      <testcase name="testSetorSaveActionPostRequest" class="SetorControllerTest" file="/Users/eduardojunior/projetos/ieducar2/www/module/Drh/tests/src/Drh/Controller/SetorControllerTest.php" line="164" assertions="2" time="17.445751"/>
      <testcase name="testSetorUpdateAction" class="SetorControllerTest" file="/Users/eduardojunior/projetos/ieducar2/www/module/Drh/tests/src/Drh/Controller/SetorControllerTest.php" line="192" assertions="2" time="20.831205"/>
      <testcase name="testSetorSaveActionInvalidPostRequest" class="SetorControllerTest" file="/Users/eduardojunior/projetos/ieducar2/www/module/Drh/tests/src/Drh/Controller/SetorControllerTest.php" line="230" assertions="2" time="19.428667"/>
      <testcase name="testSetorInvalidDeleteAction" class="SetorControllerTest" file="/Users/eduardojunior/projetos/ieducar2/www/module/Drh/tests/src/Drh/Controller/SetorControllerTest.php" line="263" assertions="2" time="18.492733"/>
      <testcase name="testSetorDeleteAction" class="SetorControllerTest" file="/Users/eduardojunior/projetos/ieducar2/www/module/Drh/tests/src/Drh/Controller/SetorControllerTest.php" line="279" assertions="2" time="19.851668"/>
      <testcase name="testFuncionarioInvalidIdDeleteAction" class="SetorControllerTest" file="/Users/eduardojunior/projetos/ieducar2/www/module/Drh/tests/src/Drh/Controller/SetorControllerTest.php" line="310" assertions="2" time="21.142478"/>
    </testsuite>
    <testsuite name="Drh\Entity\SetorTest" file="/Users/eduardojunior/projetos/ieducar2/www/module/Drh/tests/src/Drh/Entity/SetorTest.php" tests="6" assertions="20" failures="0" errors="0" time="113.839850">
      <testcase name="testGetInputFilter" class="Drh\Entity\SetorTest" file="/Users/eduardojunior/projetos/ieducar2/www/module/Drh/tests/src/Drh/Entity/SetorTest.php" line="21" assertions="1" time="21.103713"/>
      <testcase name="testInputFilterValid" class="Drh\Entity\SetorTest" file="/Users/eduardojunior/projetos/ieducar2/www/module/Drh/tests/src/Drh/Entity/SetorTest.php" line="33" assertions="11" time="17.393093"/>
      <testcase name="testInsert" class="Drh\Entity\SetorTest" file="/Users/eduardojunior/projetos/ieducar2/www/module/Drh/tests/src/Drh/Entity/SetorTest.php" line="52" assertions="4" time="17.484143"/>
      <testcase name="testInputFilterInvalidSetor" class="Drh\Entity\SetorTest" file="/Users/eduardojunior/projetos/ieducar2/www/module/Drh/tests/src/Drh/Entity/SetorTest.php" line="73" assertions="1" time="16.971833"/>
      <testcase name="testUpdate" class="Drh\Entity\SetorTest" file="/Users/eduardojunior/projetos/ieducar2/www/module/Drh/tests/src/Drh/Entity/SetorTest.php" line="84" assertions="2" time="18.911213"/>
      <testcase name="testDelete" class="Drh\Entity\SetorTest" file="/Users/eduardojunior/projetos/ieducar2/www/module/Drh/tests/src/Drh/Entity/SetorTest.php" line="103" assertions="1" time="21.975855"/>
    </testsuite>
  </testsuite>
</testsuites>
