<?xml version="1.0" encoding="UTF-8"?>
<testsuites>
  <testsuite name="Auth Test Suite" tests="4" assertions="14" failures="0" errors="0" time="12.301659">
    <testsuite name="IndexControllerTest" file="/Users/eduardojunior/Websites/ieducar2/www/module/Auth/tests/src/Auth/Controller/IndexControllerTest.php" tests="4" assertions="14" failures="0" errors="0" time="12.301659">
      <testcase name="testAuthIndexActionNewRequest" class="IndexControllerTest" file="/Users/eduardojunior/Websites/ieducar2/www/module/Auth/tests/src/Auth/Controller/IndexControllerTest.php" line="29" assertions="7" time="7.721198"/>
      <testcase name="testAuthIndexActionPostRequest" class="IndexControllerTest" file="/Users/eduardojunior/Websites/ieducar2/www/module/Auth/tests/src/Auth/Controller/IndexControllerTest.php" line="62" assertions="2" time="2.044355"/>
      <testcase name="testAuthInvalidIndexActionPostRequest" class="IndexControllerTest" file="/Users/eduardojunior/Websites/ieducar2/www/module/Auth/tests/src/Auth/Controller/IndexControllerTest.php" line="100" assertions="3" time="1.584781"/>
      <testcase name="testAuthLogadoAction" class="IndexControllerTest" file="/Users/eduardojunior/Websites/ieducar2/www/module/Auth/tests/src/Auth/Controller/IndexControllerTest.php" line="141" assertions="2" time="0.951325"/>
    </testsuite>
  </testsuite>
</testsuites>
