<?xml version="1.0" encoding="UTF-8"?>
<testsuites>
  <testsuite name="Auth Test Suite" tests="35" assertions="115" failures="0" errors="0" time="709.146212">
    <testsuite name="IndexControllerTest" file="/Users/eduardojunior/projetos/ieducar2/www/module/Auth/tests/src/Auth/Controller/IndexControllerTest.php" tests="5" assertions="17" failures="0" errors="0" time="87.963656">
      <testcase name="testAuthIndexActionNewRequest" class="IndexControllerTest" file="/Users/eduardojunior/projetos/ieducar2/www/module/Auth/tests/src/Auth/Controller/IndexControllerTest.php" line="29" assertions="7" time="14.759941"/>
      <testcase name="testAuthIndexActionPostRequest" class="IndexControllerTest" file="/Users/eduardojunior/projetos/ieducar2/www/module/Auth/tests/src/Auth/Controller/IndexControllerTest.php" line="62" assertions="2" time="17.597157"/>
      <testcase name="testAuthInvalidIndexActionPostRequest" class="IndexControllerTest" file="/Users/eduardojunior/projetos/ieducar2/www/module/Auth/tests/src/Auth/Controller/IndexControllerTest.php" line="100" assertions="3" time="18.967631"/>
      <testcase name="testAuthLogadoAction" class="IndexControllerTest" file="/Users/eduardojunior/projetos/ieducar2/www/module/Auth/tests/src/Auth/Controller/IndexControllerTest.php" line="141" assertions="2" time="18.252580"/>
      <testcase name="testAuthLogoutAction" class="IndexControllerTest" file="/Users/eduardojunior/projetos/ieducar2/www/module/Auth/tests/src/Auth/Controller/IndexControllerTest.php" line="189" assertions="3" time="18.386347"/>
    </testsuite>
    <testsuite name="ResourceControllerTest" file="/Users/eduardojunior/projetos/ieducar2/www/module/Auth/tests/src/Auth/Controller/ResourceControllerTest.php" tests="9" assertions="36" failures="0" errors="0" time="175.139502">
      <testcase name="testResourceIndexAction" class="ResourceControllerTest" file="/Users/eduardojunior/projetos/ieducar2/www/module/Auth/tests/src/Auth/Controller/ResourceControllerTest.php" line="29" assertions="6" time="20.374287"/>
      <testcase name="testResourceActionNewRequest" class="ResourceControllerTest" file="/Users/eduardojunior/projetos/ieducar2/www/module/Auth/tests/src/Auth/Controller/ResourceControllerTest.php" line="76" assertions="9" time="17.990151"/>
      <testcase name="testResourceSaveActionUpdateFormRequest" class="ResourceControllerTest" file="/Users/eduardojunior/projetos/ieducar2/www/module/Auth/tests/src/Auth/Controller/ResourceControllerTest.php" line="116" assertions="9" time="21.295603"/>
      <testcase name="testResourceSaveActionPostRequest" class="ResourceControllerTest" file="/Users/eduardojunior/projetos/ieducar2/www/module/Auth/tests/src/Auth/Controller/ResourceControllerTest.php" line="163" assertions="2" time="19.418094"/>
      <testcase name="testResourceUpdateAction" class="ResourceControllerTest" file="/Users/eduardojunior/projetos/ieducar2/www/module/Auth/tests/src/Auth/Controller/ResourceControllerTest.php" line="194" assertions="2" time="19.834701"/>
      <testcase name="testResourceSaveActionInvalidPostRequest" class="ResourceControllerTest" file="/Users/eduardojunior/projetos/ieducar2/www/module/Auth/tests/src/Auth/Controller/ResourceControllerTest.php" line="223" assertions="2" time="18.558380"/>
      <testcase name="testResourceInvalidDeleteAction" class="ResourceControllerTest" file="/Users/eduardojunior/projetos/ieducar2/www/module/Auth/tests/src/Auth/Controller/ResourceControllerTest.php" line="255" assertions="2" time="17.172778"/>
      <testcase name="testResourceDeleteAction" class="ResourceControllerTest" file="/Users/eduardojunior/projetos/ieducar2/www/module/Auth/tests/src/Auth/Controller/ResourceControllerTest.php" line="271" assertions="2" time="17.971512"/>
      <testcase name="testResourceInvalidIdDeleteAction" class="ResourceControllerTest" file="/Users/eduardojunior/projetos/ieducar2/www/module/Auth/tests/src/Auth/Controller/ResourceControllerTest.php" line="303" assertions="2" time="22.523996"/>
    </testsuite>
    <testsuite name="RoleControllerTest" file="/Users/eduardojunior/projetos/ieducar2/www/module/Auth/tests/src/Auth/Controller/RoleControllerTest.php" tests="9" assertions="41" failures="0" errors="0" time="201.872998">
      <testcase name="testRoleIndexAction" class="RoleControllerTest" file="/Users/eduardojunior/projetos/ieducar2/www/module/Auth/tests/src/Auth/Controller/RoleControllerTest.php" line="31" assertions="5" time="21.924161"/>
      <testcase name="testRoleActionNewRequest" class="RoleControllerTest" file="/Users/eduardojunior/projetos/ieducar2/www/module/Auth/tests/src/Auth/Controller/RoleControllerTest.php" line="93" assertions="11" time="21.465021"/>
      <testcase name="testRoleSaveActionUpdateFormRequest" class="RoleControllerTest" file="/Users/eduardojunior/projetos/ieducar2/www/module/Auth/tests/src/Auth/Controller/RoleControllerTest.php" line="134" assertions="11" time="22.411893"/>
      <testcase name="testRoleSaveActionPostRequest" class="RoleControllerTest" file="/Users/eduardojunior/projetos/ieducar2/www/module/Auth/tests/src/Auth/Controller/RoleControllerTest.php" line="193" assertions="2" time="22.474334"/>
      <testcase name="testRoleUpdateAction" class="RoleControllerTest" file="/Users/eduardojunior/projetos/ieducar2/www/module/Auth/tests/src/Auth/Controller/RoleControllerTest.php" line="234" assertions="2" time="23.948390"/>
      <testcase name="testRoleSaveActionInvalidPostRequest" class="RoleControllerTest" file="/Users/eduardojunior/projetos/ieducar2/www/module/Auth/tests/src/Auth/Controller/RoleControllerTest.php" line="276" assertions="4" time="23.500694"/>
      <testcase name="testRoleInvalidDeleteAction" class="RoleControllerTest" file="/Users/eduardojunior/projetos/ieducar2/www/module/Auth/tests/src/Auth/Controller/RoleControllerTest.php" line="321" assertions="2" time="21.228948"/>
      <testcase name="testRoleDeleteAction" class="RoleControllerTest" file="/Users/eduardojunior/projetos/ieducar2/www/module/Auth/tests/src/Auth/Controller/RoleControllerTest.php" line="337" assertions="2" time="23.140770"/>
      <testcase name="testRoleInvalidIdDeleteAction" class="RoleControllerTest" file="/Users/eduardojunior/projetos/ieducar2/www/module/Auth/tests/src/Auth/Controller/RoleControllerTest.php" line="381" assertions="2" time="21.778787"/>
    </testsuite>
    <testsuite name="Auth\Entity\ResourceTest" file="/Users/eduardojunior/projetos/ieducar2/www/module/Auth/tests/src/Auth/Entity/ResourceTest.php" tests="6" assertions="11" failures="0" errors="0" time="117.043405">
      <testcase name="testGetInputFilter" class="Auth\Entity\ResourceTest" file="/Users/eduardojunior/projetos/ieducar2/www/module/Auth/tests/src/Auth/Entity/ResourceTest.php" line="22" assertions="1" time="20.881723"/>
      <testcase name="testInputFilterValid" class="Auth\Entity\ResourceTest" file="/Users/eduardojunior/projetos/ieducar2/www/module/Auth/tests/src/Auth/Entity/ResourceTest.php" line="33" assertions="4" time="18.431840"/>
      <testcase name="testInsert" class="Auth\Entity\ResourceTest" file="/Users/eduardojunior/projetos/ieducar2/www/module/Auth/tests/src/Auth/Entity/ResourceTest.php" line="47" assertions="2" time="18.287036"/>
      <testcase name="testInputFilterInvalidoTipo" class="Auth\Entity\ResourceTest" file="/Users/eduardojunior/projetos/ieducar2/www/module/Auth/tests/src/Auth/Entity/ResourceTest.php" line="65" assertions="1" time="17.411572"/>
      <testcase name="testUpdate" class="Auth\Entity\ResourceTest" file="/Users/eduardojunior/projetos/ieducar2/www/module/Auth/tests/src/Auth/Entity/ResourceTest.php" line="73" assertions="2" time="20.348977"/>
      <testcase name="testDelete" class="Auth\Entity\ResourceTest" file="/Users/eduardojunior/projetos/ieducar2/www/module/Auth/tests/src/Auth/Entity/ResourceTest.php" line="107" assertions="1" time="21.682257"/>
    </testsuite>
    <testsuite name="Auth\Entity\RoleTest" file="/Users/eduardojunior/projetos/ieducar2/www/module/Auth/tests/src/Auth/Entity/RoleTest.php" tests="6" assertions="10" failures="0" errors="0" time="127.126650">
      <testcase name="testGetInputFilter" class="Auth\Entity\RoleTest" file="/Users/eduardojunior/projetos/ieducar2/www/module/Auth/tests/src/Auth/Entity/RoleTest.php" line="24" assertions="1" time="19.920581"/>
      <testcase name="testInputFilterValid" class="Auth\Entity\RoleTest" file="/Users/eduardojunior/projetos/ieducar2/www/module/Auth/tests/src/Auth/Entity/RoleTest.php" line="35" assertions="3" time="21.392965"/>
      <testcase name="testInsert" class="Auth\Entity\RoleTest" file="/Users/eduardojunior/projetos/ieducar2/www/module/Auth/tests/src/Auth/Entity/RoleTest.php" line="48" assertions="2" time="21.629994"/>
      <testcase name="testInputFilterInvalidoTipo" class="Auth\Entity\RoleTest" file="/Users/eduardojunior/projetos/ieducar2/www/module/Auth/tests/src/Auth/Entity/RoleTest.php" line="93" assertions="1" time="22.532107"/>
      <testcase name="testUpdate" class="Auth\Entity\RoleTest" file="/Users/eduardojunior/projetos/ieducar2/www/module/Auth/tests/src/Auth/Entity/RoleTest.php" line="113" assertions="2" time="20.576561"/>
      <testcase name="testDelete" class="Auth\Entity\RoleTest" file="/Users/eduardojunior/projetos/ieducar2/www/module/Auth/tests/src/Auth/Entity/RoleTest.php" line="161" assertions="1" time="21.074442"/>
    </testsuite>
  </testsuite>
</testsuites>
