<?xml version="1.0" encoding="UTF-8"?>
<testsuites>
  <testsuite name="Auth Test Suite" tests="35" assertions="115" failures="0" errors="0" time="43.549600">
    <testsuite name="IndexControllerTest" file="/Users/eduardojunior/Websites/ieducar2/www/module/Auth/tests/src/Auth/Controller/IndexControllerTest.php" tests="5" assertions="17" failures="0" errors="0" time="8.937957">
      <testcase name="testAuthIndexActionNewRequest" class="IndexControllerTest" file="/Users/eduardojunior/Websites/ieducar2/www/module/Auth/tests/src/Auth/Controller/IndexControllerTest.php" line="29" assertions="7" time="4.766866"/>
      <testcase name="testAuthIndexActionPostRequest" class="IndexControllerTest" file="/Users/eduardojunior/Websites/ieducar2/www/module/Auth/tests/src/Auth/Controller/IndexControllerTest.php" line="62" assertions="2" time="1.486840"/>
      <testcase name="testAuthInvalidIndexActionPostRequest" class="IndexControllerTest" file="/Users/eduardojunior/Websites/ieducar2/www/module/Auth/tests/src/Auth/Controller/IndexControllerTest.php" line="100" assertions="3" time="0.974510"/>
      <testcase name="testAuthLogadoAction" class="IndexControllerTest" file="/Users/eduardojunior/Websites/ieducar2/www/module/Auth/tests/src/Auth/Controller/IndexControllerTest.php" line="141" assertions="2" time="0.830600"/>
      <testcase name="testAuthLogoutAction" class="IndexControllerTest" file="/Users/eduardojunior/Websites/ieducar2/www/module/Auth/tests/src/Auth/Controller/IndexControllerTest.php" line="189" assertions="3" time="0.879141"/>
    </testsuite>
    <testsuite name="ResourceControllerTest" file="/Users/eduardojunior/Websites/ieducar2/www/module/Auth/tests/src/Auth/Controller/ResourceControllerTest.php" tests="9" assertions="36" failures="0" errors="0" time="8.907417">
      <testcase name="testResourceIndexAction" class="ResourceControllerTest" file="/Users/eduardojunior/Websites/ieducar2/www/module/Auth/tests/src/Auth/Controller/ResourceControllerTest.php" line="29" assertions="6" time="1.489438"/>
      <testcase name="testResourceActionNewRequest" class="ResourceControllerTest" file="/Users/eduardojunior/Websites/ieducar2/www/module/Auth/tests/src/Auth/Controller/ResourceControllerTest.php" line="76" assertions="9" time="0.982711"/>
      <testcase name="testResourceSaveActionUpdateFormRequest" class="ResourceControllerTest" file="/Users/eduardojunior/Websites/ieducar2/www/module/Auth/tests/src/Auth/Controller/ResourceControllerTest.php" line="116" assertions="9" time="0.758645"/>
      <testcase name="testResourceSaveActionPostRequest" class="ResourceControllerTest" file="/Users/eduardojunior/Websites/ieducar2/www/module/Auth/tests/src/Auth/Controller/ResourceControllerTest.php" line="163" assertions="2" time="0.886385"/>
      <testcase name="testResourceUpdateAction" class="ResourceControllerTest" file="/Users/eduardojunior/Websites/ieducar2/www/module/Auth/tests/src/Auth/Controller/ResourceControllerTest.php" line="194" assertions="2" time="0.869342"/>
      <testcase name="testResourceSaveActionInvalidPostRequest" class="ResourceControllerTest" file="/Users/eduardojunior/Websites/ieducar2/www/module/Auth/tests/src/Auth/Controller/ResourceControllerTest.php" line="223" assertions="2" time="0.919244"/>
      <testcase name="testResourceInvalidDeleteAction" class="ResourceControllerTest" file="/Users/eduardojunior/Websites/ieducar2/www/module/Auth/tests/src/Auth/Controller/ResourceControllerTest.php" line="255" assertions="2" time="1.113946"/>
      <testcase name="testResourceDeleteAction" class="ResourceControllerTest" file="/Users/eduardojunior/Websites/ieducar2/www/module/Auth/tests/src/Auth/Controller/ResourceControllerTest.php" line="271" assertions="2" time="0.882795"/>
      <testcase name="testResourceInvalidIdDeleteAction" class="ResourceControllerTest" file="/Users/eduardojunior/Websites/ieducar2/www/module/Auth/tests/src/Auth/Controller/ResourceControllerTest.php" line="303" assertions="2" time="1.004911"/>
    </testsuite>
    <testsuite name="RoleControllerTest" file="/Users/eduardojunior/Websites/ieducar2/www/module/Auth/tests/src/Auth/Controller/RoleControllerTest.php" tests="9" assertions="41" failures="0" errors="0" time="9.905711">
      <testcase name="testRoleIndexAction" class="RoleControllerTest" file="/Users/eduardojunior/Websites/ieducar2/www/module/Auth/tests/src/Auth/Controller/RoleControllerTest.php" line="31" assertions="5" time="1.298776"/>
      <testcase name="testRoleActionNewRequest" class="RoleControllerTest" file="/Users/eduardojunior/Websites/ieducar2/www/module/Auth/tests/src/Auth/Controller/RoleControllerTest.php" line="93" assertions="11" time="0.968599"/>
      <testcase name="testRoleSaveActionUpdateFormRequest" class="RoleControllerTest" file="/Users/eduardojunior/Websites/ieducar2/www/module/Auth/tests/src/Auth/Controller/RoleControllerTest.php" line="134" assertions="11" time="0.957545"/>
      <testcase name="testRoleSaveActionPostRequest" class="RoleControllerTest" file="/Users/eduardojunior/Websites/ieducar2/www/module/Auth/tests/src/Auth/Controller/RoleControllerTest.php" line="193" assertions="2" time="1.096925"/>
      <testcase name="testRoleUpdateAction" class="RoleControllerTest" file="/Users/eduardojunior/Websites/ieducar2/www/module/Auth/tests/src/Auth/Controller/RoleControllerTest.php" line="234" assertions="2" time="1.487596"/>
      <testcase name="testRoleSaveActionInvalidPostRequest" class="RoleControllerTest" file="/Users/eduardojunior/Websites/ieducar2/www/module/Auth/tests/src/Auth/Controller/RoleControllerTest.php" line="276" assertions="4" time="1.016586"/>
      <testcase name="testRoleInvalidDeleteAction" class="RoleControllerTest" file="/Users/eduardojunior/Websites/ieducar2/www/module/Auth/tests/src/Auth/Controller/RoleControllerTest.php" line="321" assertions="2" time="0.973601"/>
      <testcase name="testRoleDeleteAction" class="RoleControllerTest" file="/Users/eduardojunior/Websites/ieducar2/www/module/Auth/tests/src/Auth/Controller/RoleControllerTest.php" line="337" assertions="2" time="1.051818"/>
      <testcase name="testRoleInvalidIdDeleteAction" class="RoleControllerTest" file="/Users/eduardojunior/Websites/ieducar2/www/module/Auth/tests/src/Auth/Controller/RoleControllerTest.php" line="381" assertions="2" time="1.054266"/>
    </testsuite>
    <testsuite name="Auth\Entity\ResourceTest" file="/Users/eduardojunior/Websites/ieducar2/www/module/Auth/tests/src/Auth/Entity/ResourceTest.php" namespace="Auth\Entity" fullPackage="Auth.Entity" tests="6" assertions="11" failures="0" errors="0" time="7.538292">
      <testcase name="testGetInputFilter" class="Auth\Entity\ResourceTest" file="/Users/eduardojunior/Websites/ieducar2/www/module/Auth/tests/src/Auth/Entity/ResourceTest.php" line="22" assertions="1" time="1.160178"/>
      <testcase name="testInputFilterValid" class="Auth\Entity\ResourceTest" file="/Users/eduardojunior/Websites/ieducar2/www/module/Auth/tests/src/Auth/Entity/ResourceTest.php" line="33" assertions="4" time="1.087813"/>
      <testcase name="testInsert" class="Auth\Entity\ResourceTest" file="/Users/eduardojunior/Websites/ieducar2/www/module/Auth/tests/src/Auth/Entity/ResourceTest.php" line="47" assertions="2" time="1.040640"/>
      <testcase name="testInputFilterInvalidoTipo" class="Auth\Entity\ResourceTest" file="/Users/eduardojunior/Websites/ieducar2/www/module/Auth/tests/src/Auth/Entity/ResourceTest.php" line="65" assertions="1" time="0.991468"/>
      <testcase name="testUpdate" class="Auth\Entity\ResourceTest" file="/Users/eduardojunior/Websites/ieducar2/www/module/Auth/tests/src/Auth/Entity/ResourceTest.php" line="73" assertions="2" time="1.138317"/>
      <testcase name="testDelete" class="Auth\Entity\ResourceTest" file="/Users/eduardojunior/Websites/ieducar2/www/module/Auth/tests/src/Auth/Entity/ResourceTest.php" line="107" assertions="1" time="2.119876"/>
    </testsuite>
    <testsuite name="Auth\Entity\RoleTest" file="/Users/eduardojunior/Websites/ieducar2/www/module/Auth/tests/src/Auth/Entity/RoleTest.php" namespace="Auth\Entity" fullPackage="Auth.Entity" tests="6" assertions="10" failures="0" errors="0" time="8.260222">
      <testcase name="testGetInputFilter" class="Auth\Entity\RoleTest" file="/Users/eduardojunior/Websites/ieducar2/www/module/Auth/tests/src/Auth/Entity/RoleTest.php" line="24" assertions="1" time="1.281385"/>
      <testcase name="testInputFilterValid" class="Auth\Entity\RoleTest" file="/Users/eduardojunior/Websites/ieducar2/www/module/Auth/tests/src/Auth/Entity/RoleTest.php" line="35" assertions="3" time="1.196987"/>
      <testcase name="testInsert" class="Auth\Entity\RoleTest" file="/Users/eduardojunior/Websites/ieducar2/www/module/Auth/tests/src/Auth/Entity/RoleTest.php" line="48" assertions="2" time="1.232380"/>
      <testcase name="testInputFilterInvalidoTipo" class="Auth\Entity\RoleTest" file="/Users/eduardojunior/Websites/ieducar2/www/module/Auth/tests/src/Auth/Entity/RoleTest.php" line="93" assertions="1" time="1.197247"/>
      <testcase name="testUpdate" class="Auth\Entity\RoleTest" file="/Users/eduardojunior/Websites/ieducar2/www/module/Auth/tests/src/Auth/Entity/RoleTest.php" line="113" assertions="2" time="1.179100"/>
      <testcase name="testDelete" class="Auth\Entity\RoleTest" file="/Users/eduardojunior/Websites/ieducar2/www/module/Auth/tests/src/Auth/Entity/RoleTest.php" line="161" assertions="1" time="2.173123"/>
    </testsuite>
  </testsuite>
</testsuites>
