<?xml version="1.0" encoding="UTF-8"?>
<testsuites>
  <testsuite name="Auth Test Suite" tests="9" assertions="41" failures="0" errors="0" time="62.372076">
    <testsuite name="IndexControllerTest" file="/Users/eduardojunior/Websites/ieducar2/www/module/Auth/tests/src/Auth/Controller/IndexControllerTest.php" tests="0" assertions="0" failures="0" errors="0" time="0.000000"/>
    <testsuite name="RoleControllerTest" file="/Users/eduardojunior/Websites/ieducar2/www/module/Auth/tests/src/Auth/Controller/RoleControllerTest.php" tests="9" assertions="41" failures="0" errors="0" time="62.372076">
      <testcase name="testRoleIndexAction" class="RoleControllerTest" file="/Users/eduardojunior/Websites/ieducar2/www/module/Auth/tests/src/Auth/Controller/RoleControllerTest.php" line="31" assertions="5" time="43.107152"/>
      <testcase name="testRoleActionNewRequest" class="RoleControllerTest" file="/Users/eduardojunior/Websites/ieducar2/www/module/Auth/tests/src/Auth/Controller/RoleControllerTest.php" line="87" assertions="11" time="3.779587"/>
      <testcase name="testRoleSaveActionUpdateFormRequest" class="RoleControllerTest" file="/Users/eduardojunior/Websites/ieducar2/www/module/Auth/tests/src/Auth/Controller/RoleControllerTest.php" line="128" assertions="11" time="1.649945"/>
      <testcase name="testRoleSaveActionPostRequest" class="RoleControllerTest" file="/Users/eduardojunior/Websites/ieducar2/www/module/Auth/tests/src/Auth/Controller/RoleControllerTest.php" line="184" assertions="2" time="2.846972"/>
      <testcase name="testRoleUpdateAction" class="RoleControllerTest" file="/Users/eduardojunior/Websites/ieducar2/www/module/Auth/tests/src/Auth/Controller/RoleControllerTest.php" line="222" assertions="2" time="1.639506"/>
      <testcase name="testRoleSaveActionInvalidPostRequest" class="RoleControllerTest" file="/Users/eduardojunior/Websites/ieducar2/www/module/Auth/tests/src/Auth/Controller/RoleControllerTest.php" line="260" assertions="4" time="3.458066"/>
      <testcase name="testRoleInvalidDeleteAction" class="RoleControllerTest" file="/Users/eduardojunior/Websites/ieducar2/www/module/Auth/tests/src/Auth/Controller/RoleControllerTest.php" line="305" assertions="2" time="2.122298"/>
      <testcase name="testRoleDeleteAction" class="RoleControllerTest" file="/Users/eduardojunior/Websites/ieducar2/www/module/Auth/tests/src/Auth/Controller/RoleControllerTest.php" line="321" assertions="2" time="1.821419"/>
      <testcase name="testRoleInvalidIdDeleteAction" class="RoleControllerTest" file="/Users/eduardojunior/Websites/ieducar2/www/module/Auth/tests/src/Auth/Controller/RoleControllerTest.php" line="361" assertions="2" time="1.947131"/>
    </testsuite>
  </testsuite>
</testsuites>
