<?xml version="1.0" encoding="UTF-8"?>
<testsuites>
  <testsuite name="Portal Test Suite" tests="2" assertions="27" failures="0" errors="0" time="1.737938">
    <testsuite name="FuncionarioControllerTest" file="/Users/eduardojunior/Websites/ieducar2/www/module/Portal/tests/src/Portal/Controller/FuncionarioControllerTest.php" tests="2" assertions="27" failures="0" errors="0" time="1.737938">
      <testcase name="testFuncionarioIndexAction" class="FuncionarioControllerTest" file="/Users/eduardojunior/Websites/ieducar2/www/module/Portal/tests/src/Portal/Controller/FuncionarioControllerTest.php" line="29" assertions="5" time="0.967641"/>
      <testcase name="testFuncionarioSaveActionNewRequest" class="FuncionarioControllerTest" file="/Users/eduardojunior/Websites/ieducar2/www/module/Portal/tests/src/Portal/Controller/FuncionarioControllerTest.php" line="81" assertions="22" time="0.770297"/>
    </testsuite>
  </testsuite>
</testsuites>
