<?xml version="1.0" encoding="UTF-8"?>
<testsuites>
  <testsuite name="Portal Test Suite" tests="15" assertions="98" failures="0" errors="0" time="12.750719">
    <testsuite name="FuncionarioControllerTest" file="/Users/eduardojunior/Websites/ieducar2/www/module/Portal/tests/src/Portal/Controller/FuncionarioControllerTest.php" tests="9" assertions="65" failures="0" errors="0" time="7.937221">
      <testcase name="testFuncionarioIndexAction" class="FuncionarioControllerTest" file="/Users/eduardojunior/Websites/ieducar2/www/module/Portal/tests/src/Portal/Controller/FuncionarioControllerTest.php" line="29" assertions="5" time="1.116169"/>
      <testcase name="testFuncionarioSaveActionNewRequest" class="FuncionarioControllerTest" file="/Users/eduardojunior/Websites/ieducar2/www/module/Portal/tests/src/Portal/Controller/FuncionarioControllerTest.php" line="83" assertions="24" time="0.786327"/>
      <testcase name="testFuncionarioSaveActionUpdateFormRequest" class="FuncionarioControllerTest" file="/Users/eduardojunior/Websites/ieducar2/www/module/Portal/tests/src/Portal/Controller/FuncionarioControllerTest.php" line="151" assertions="24" time="0.868715"/>
      <testcase name="testFuncionarioSaveActionPostRequest" class="FuncionarioControllerTest" file="/Users/eduardojunior/Websites/ieducar2/www/module/Portal/tests/src/Portal/Controller/FuncionarioControllerTest.php" line="235" assertions="2" time="0.880551"/>
      <testcase name="testFuncionarioUpdateAction" class="FuncionarioControllerTest" file="/Users/eduardojunior/Websites/ieducar2/www/module/Portal/tests/src/Portal/Controller/FuncionarioControllerTest.php" line="279" assertions="2" time="0.842640"/>
      <testcase name="testFuncionarioSaveActionInvalidPostRequest" class="FuncionarioControllerTest" file="/Users/eduardojunior/Websites/ieducar2/www/module/Portal/tests/src/Portal/Controller/FuncionarioControllerTest.php" line="331" assertions="2" time="1.123818"/>
      <testcase name="testFuncionarioInvalidDeleteAction" class="FuncionarioControllerTest" file="/Users/eduardojunior/Websites/ieducar2/www/module/Portal/tests/src/Portal/Controller/FuncionarioControllerTest.php" line="364" assertions="2" time="0.772272"/>
      <testcase name="testFuncionarioDeleteAction" class="FuncionarioControllerTest" file="/Users/eduardojunior/Websites/ieducar2/www/module/Portal/tests/src/Portal/Controller/FuncionarioControllerTest.php" line="381" assertions="2" time="0.801926"/>
      <testcase name="testFuncionarioInvalidIdDeleteAction" class="FuncionarioControllerTest" file="/Users/eduardojunior/Websites/ieducar2/www/module/Portal/tests/src/Portal/Controller/FuncionarioControllerTest.php" line="423" assertions="2" time="0.744803"/>
    </testsuite>
    <testsuite name="Portal\Entity\FuncionarioTest" file="/Users/eduardojunior/Websites/ieducar2/www/module/Portal/tests/src/Portal/Entity/FuncionarioTest.php" namespace="Portal\Entity" fullPackage="Portal.Entity" tests="6" assertions="33" failures="0" errors="0" time="4.813498">
      <testcase name="testGetInputFilter" class="Portal\Entity\FuncionarioTest" file="/Users/eduardojunior/Websites/ieducar2/www/module/Portal/tests/src/Portal/Entity/FuncionarioTest.php" line="21" assertions="1" time="0.798609"/>
      <testcase name="testInputFilterValid" class="Portal\Entity\FuncionarioTest" file="/Users/eduardojunior/Websites/ieducar2/www/module/Portal/tests/src/Portal/Entity/FuncionarioTest.php" line="33" assertions="23" time="0.716750"/>
      <testcase name="testInsert" class="Portal\Entity\FuncionarioTest" file="/Users/eduardojunior/Websites/ieducar2/www/module/Portal/tests/src/Portal/Entity/FuncionarioTest.php" line="64" assertions="5" time="0.810658"/>
      <testcase name="testInputFilterInvalidMatricula" class="Portal\Entity\FuncionarioTest" file="/Users/eduardojunior/Websites/ieducar2/www/module/Portal/tests/src/Portal/Entity/FuncionarioTest.php" line="90" assertions="1" time="0.693204"/>
      <testcase name="testUpdate" class="Portal\Entity\FuncionarioTest" file="/Users/eduardojunior/Websites/ieducar2/www/module/Portal/tests/src/Portal/Entity/FuncionarioTest.php" line="105" assertions="2" time="0.923173"/>
      <testcase name="testDelete" class="Portal\Entity\FuncionarioTest" file="/Users/eduardojunior/Websites/ieducar2/www/module/Portal/tests/src/Portal/Entity/FuncionarioTest.php" line="128" assertions="1" time="0.871104"/>
    </testsuite>
  </testsuite>
</testsuites>
