<?xml version="1.0" encoding="UTF-8"?>
<testsuites>
  <testsuite name="Portal Test Suite" tests="15" assertions="97" failures="0" errors="0" time="40.214969">
    <testsuite name="FuncionarioControllerTest" file="/Users/eduardojunior/Websites/ieducar2/www/module/Portal/tests/src/Portal/Controller/FuncionarioControllerTest.php" tests="9" assertions="65" failures="0" errors="0" time="32.623222">
      <testcase name="testFuncionarioIndexAction" class="FuncionarioControllerTest" file="/Users/eduardojunior/Websites/ieducar2/www/module/Portal/tests/src/Portal/Controller/FuncionarioControllerTest.php" line="29" assertions="5" time="19.801321"/>
      <testcase name="testFuncionarioSaveActionNewRequest" class="FuncionarioControllerTest" file="/Users/eduardojunior/Websites/ieducar2/www/module/Portal/tests/src/Portal/Controller/FuncionarioControllerTest.php" line="83" assertions="24" time="1.836012"/>
      <testcase name="testFuncionarioSaveActionUpdateFormRequest" class="FuncionarioControllerTest" file="/Users/eduardojunior/Websites/ieducar2/www/module/Portal/tests/src/Portal/Controller/FuncionarioControllerTest.php" line="151" assertions="24" time="1.685017"/>
      <testcase name="testFuncionarioSaveActionPostRequest" class="FuncionarioControllerTest" file="/Users/eduardojunior/Websites/ieducar2/www/module/Portal/tests/src/Portal/Controller/FuncionarioControllerTest.php" line="235" assertions="2" time="1.591328"/>
      <testcase name="testFuncionarioUpdateAction" class="FuncionarioControllerTest" file="/Users/eduardojunior/Websites/ieducar2/www/module/Portal/tests/src/Portal/Controller/FuncionarioControllerTest.php" line="279" assertions="2" time="1.225453"/>
      <testcase name="testFuncionarioSaveActionInvalidPostRequest" class="FuncionarioControllerTest" file="/Users/eduardojunior/Websites/ieducar2/www/module/Portal/tests/src/Portal/Controller/FuncionarioControllerTest.php" line="332" assertions="2" time="1.422363"/>
      <testcase name="testFuncionarioInvalidDeleteAction" class="FuncionarioControllerTest" file="/Users/eduardojunior/Websites/ieducar2/www/module/Portal/tests/src/Portal/Controller/FuncionarioControllerTest.php" line="365" assertions="2" time="1.563353"/>
      <testcase name="testFuncionarioDeleteAction" class="FuncionarioControllerTest" file="/Users/eduardojunior/Websites/ieducar2/www/module/Portal/tests/src/Portal/Controller/FuncionarioControllerTest.php" line="382" assertions="2" time="2.065076"/>
      <testcase name="testFuncionarioInvalidIdDeleteAction" class="FuncionarioControllerTest" file="/Users/eduardojunior/Websites/ieducar2/www/module/Portal/tests/src/Portal/Controller/FuncionarioControllerTest.php" line="424" assertions="2" time="1.433299"/>
    </testsuite>
    <testsuite name="Portal\Entity\FuncionarioTest" file="/Users/eduardojunior/Websites/ieducar2/www/module/Portal/tests/src/Portal/Entity/FuncionarioTest.php" namespace="Portal\Entity" fullPackage="Portal.Entity" tests="6" assertions="32" failures="0" errors="0" time="7.591747">
      <testcase name="testGetInputFilter" class="Portal\Entity\FuncionarioTest" file="/Users/eduardojunior/Websites/ieducar2/www/module/Portal/tests/src/Portal/Entity/FuncionarioTest.php" line="21" assertions="1" time="1.515479"/>
      <testcase name="testInputFilterValid" class="Portal\Entity\FuncionarioTest" file="/Users/eduardojunior/Websites/ieducar2/www/module/Portal/tests/src/Portal/Entity/FuncionarioTest.php" line="33" assertions="22" time="1.046620"/>
      <testcase name="testInsert" class="Portal\Entity\FuncionarioTest" file="/Users/eduardojunior/Websites/ieducar2/www/module/Portal/tests/src/Portal/Entity/FuncionarioTest.php" line="64" assertions="5" time="1.270858"/>
      <testcase name="testInputFilterInvalidMatricula" class="Portal\Entity\FuncionarioTest" file="/Users/eduardojunior/Websites/ieducar2/www/module/Portal/tests/src/Portal/Entity/FuncionarioTest.php" line="93" assertions="1" time="1.236111"/>
      <testcase name="testUpdate" class="Portal\Entity\FuncionarioTest" file="/Users/eduardojunior/Websites/ieducar2/www/module/Portal/tests/src/Portal/Entity/FuncionarioTest.php" line="108" assertions="2" time="1.221226"/>
      <testcase name="testDelete" class="Portal\Entity\FuncionarioTest" file="/Users/eduardojunior/Websites/ieducar2/www/module/Portal/tests/src/Portal/Entity/FuncionarioTest.php" line="133" assertions="1" time="1.301453"/>
    </testsuite>
  </testsuite>
</testsuites>
