<?xml version="1.0" encoding="UTF-8"?>
<testsuites>
  <testsuite name="Portal Test Suite" tests="6" assertions="32" failures="0" errors="0" time="5.632569">
    <testsuite name="Portal\Entity\FuncionarioTest" file="/Users/eduardojunior/Websites/ieducar2/www/module/Portal/tests/src/Portal/Entity/FuncionarioTest.php" namespace="Portal\Entity" fullPackage="Portal.Entity" tests="6" assertions="32" failures="0" errors="0" time="5.632569">
      <testcase name="testGetInputFilter" class="Portal\Entity\FuncionarioTest" file="/Users/eduardojunior/Websites/ieducar2/www/module/Portal/tests/src/Portal/Entity/FuncionarioTest.php" line="21" assertions="1" time="1.766592"/>
      <testcase name="testInputFilterValid" class="Portal\Entity\FuncionarioTest" file="/Users/eduardojunior/Websites/ieducar2/www/module/Portal/tests/src/Portal/Entity/FuncionarioTest.php" line="33" assertions="23" time="0.618666"/>
      <testcase name="testInsert" class="Portal\Entity\FuncionarioTest" file="/Users/eduardojunior/Websites/ieducar2/www/module/Portal/tests/src/Portal/Entity/FuncionarioTest.php" line="64" assertions="4" time="0.630020"/>
      <testcase name="testInputFilterInvalidMatricula" class="Portal\Entity\FuncionarioTest" file="/Users/eduardojunior/Websites/ieducar2/www/module/Portal/tests/src/Portal/Entity/FuncionarioTest.php" line="89" assertions="1" time="0.888776"/>
      <testcase name="testUpdate" class="Portal\Entity\FuncionarioTest" file="/Users/eduardojunior/Websites/ieducar2/www/module/Portal/tests/src/Portal/Entity/FuncionarioTest.php" line="104" assertions="2" time="0.794760"/>
      <testcase name="testDelete" class="Portal\Entity\FuncionarioTest" file="/Users/eduardojunior/Websites/ieducar2/www/module/Portal/tests/src/Portal/Entity/FuncionarioTest.php" line="127" assertions="1" time="0.933755"/>
    </testsuite>
  </testsuite>
</testsuites>
