<?xml version="1.0" encoding="UTF-8"?>
<testsuites>
  <testsuite name="Portal Test Suite" tests="15" assertions="98" failures="0" errors="0" time="152.764828">
    <testsuite name="FuncionarioControllerTest" file="/Users/eduardojunior/projetos/ieducar2/www/module/Portal/tests/src/Portal/Controller/FuncionarioControllerTest.php" tests="9" assertions="65" failures="0" errors="0" time="89.523710">
      <testcase name="testFuncionarioIndexAction" class="FuncionarioControllerTest" file="/Users/eduardojunior/projetos/ieducar2/www/module/Portal/tests/src/Portal/Controller/FuncionarioControllerTest.php" line="29" assertions="5" time="8.589477"/>
      <testcase name="testFuncionarioSaveActionNewRequest" class="FuncionarioControllerTest" file="/Users/eduardojunior/projetos/ieducar2/www/module/Portal/tests/src/Portal/Controller/FuncionarioControllerTest.php" line="83" assertions="24" time="8.856698"/>
      <testcase name="testFuncionarioSaveActionUpdateFormRequest" class="FuncionarioControllerTest" file="/Users/eduardojunior/projetos/ieducar2/www/module/Portal/tests/src/Portal/Controller/FuncionarioControllerTest.php" line="151" assertions="24" time="9.323196"/>
      <testcase name="testFuncionarioSaveActionPostRequest" class="FuncionarioControllerTest" file="/Users/eduardojunior/projetos/ieducar2/www/module/Portal/tests/src/Portal/Controller/FuncionarioControllerTest.php" line="235" assertions="2" time="9.717850"/>
      <testcase name="testFuncionarioUpdateAction" class="FuncionarioControllerTest" file="/Users/eduardojunior/projetos/ieducar2/www/module/Portal/tests/src/Portal/Controller/FuncionarioControllerTest.php" line="279" assertions="2" time="10.238557"/>
      <testcase name="testFuncionarioSaveActionInvalidPostRequest" class="FuncionarioControllerTest" file="/Users/eduardojunior/projetos/ieducar2/www/module/Portal/tests/src/Portal/Controller/FuncionarioControllerTest.php" line="332" assertions="2" time="10.420547"/>
      <testcase name="testFuncionarioInvalidDeleteAction" class="FuncionarioControllerTest" file="/Users/eduardojunior/projetos/ieducar2/www/module/Portal/tests/src/Portal/Controller/FuncionarioControllerTest.php" line="365" assertions="2" time="10.545162"/>
      <testcase name="testFuncionarioDeleteAction" class="FuncionarioControllerTest" file="/Users/eduardojunior/projetos/ieducar2/www/module/Portal/tests/src/Portal/Controller/FuncionarioControllerTest.php" line="382" assertions="2" time="11.111670"/>
      <testcase name="testFuncionarioInvalidIdDeleteAction" class="FuncionarioControllerTest" file="/Users/eduardojunior/projetos/ieducar2/www/module/Portal/tests/src/Portal/Controller/FuncionarioControllerTest.php" line="424" assertions="2" time="10.720553"/>
    </testsuite>
    <testsuite name="Portal\Entity\FuncionarioTest" file="/Users/eduardojunior/projetos/ieducar2/www/module/Portal/tests/src/Portal/Entity/FuncionarioTest.php" tests="6" assertions="33" failures="0" errors="0" time="63.241119">
      <testcase name="testGetInputFilter" class="Portal\Entity\FuncionarioTest" file="/Users/eduardojunior/projetos/ieducar2/www/module/Portal/tests/src/Portal/Entity/FuncionarioTest.php" line="21" assertions="1" time="10.002356"/>
      <testcase name="testInputFilterValid" class="Portal\Entity\FuncionarioTest" file="/Users/eduardojunior/projetos/ieducar2/www/module/Portal/tests/src/Portal/Entity/FuncionarioTest.php" line="33" assertions="23" time="10.703400"/>
      <testcase name="testInsert" class="Portal\Entity\FuncionarioTest" file="/Users/eduardojunior/projetos/ieducar2/www/module/Portal/tests/src/Portal/Entity/FuncionarioTest.php" line="65" assertions="5" time="10.461223"/>
      <testcase name="testInputFilterInvalidMatricula" class="Portal\Entity\FuncionarioTest" file="/Users/eduardojunior/projetos/ieducar2/www/module/Portal/tests/src/Portal/Entity/FuncionarioTest.php" line="94" assertions="1" time="10.806849"/>
      <testcase name="testUpdate" class="Portal\Entity\FuncionarioTest" file="/Users/eduardojunior/projetos/ieducar2/www/module/Portal/tests/src/Portal/Entity/FuncionarioTest.php" line="109" assertions="2" time="9.948728"/>
      <testcase name="testDelete" class="Portal\Entity\FuncionarioTest" file="/Users/eduardojunior/projetos/ieducar2/www/module/Portal/tests/src/Portal/Entity/FuncionarioTest.php" line="134" assertions="1" time="11.318563"/>
    </testsuite>
  </testsuite>
</testsuites>
