<?xml version="1.0" encoding="UTF-8"?>
<testsuites>
  <testsuite name="Portal Test Suite" tests="15" assertions="98" failures="0" errors="0" time="296.564934">
    <testsuite name="FuncionarioControllerTest" file="/Users/eduardojunior/projetos/ieducar2/www/module/Portal/tests/src/Portal/Controller/FuncionarioControllerTest.php" tests="9" assertions="65" failures="0" errors="0" time="180.057679">
      <testcase name="testFuncionarioIndexAction" class="FuncionarioControllerTest" file="/Users/eduardojunior/projetos/ieducar2/www/module/Portal/tests/src/Portal/Controller/FuncionarioControllerTest.php" line="29" assertions="5" time="21.313400"/>
      <testcase name="testFuncionarioSaveActionNewRequest" class="FuncionarioControllerTest" file="/Users/eduardojunior/projetos/ieducar2/www/module/Portal/tests/src/Portal/Controller/FuncionarioControllerTest.php" line="83" assertions="24" time="19.078138"/>
      <testcase name="testFuncionarioSaveActionUpdateFormRequest" class="FuncionarioControllerTest" file="/Users/eduardojunior/projetos/ieducar2/www/module/Portal/tests/src/Portal/Controller/FuncionarioControllerTest.php" line="151" assertions="24" time="20.634512"/>
      <testcase name="testFuncionarioSaveActionPostRequest" class="FuncionarioControllerTest" file="/Users/eduardojunior/projetos/ieducar2/www/module/Portal/tests/src/Portal/Controller/FuncionarioControllerTest.php" line="235" assertions="2" time="18.762977"/>
      <testcase name="testFuncionarioUpdateAction" class="FuncionarioControllerTest" file="/Users/eduardojunior/projetos/ieducar2/www/module/Portal/tests/src/Portal/Controller/FuncionarioControllerTest.php" line="279" assertions="2" time="20.280740"/>
      <testcase name="testFuncionarioSaveActionInvalidPostRequest" class="FuncionarioControllerTest" file="/Users/eduardojunior/projetos/ieducar2/www/module/Portal/tests/src/Portal/Controller/FuncionarioControllerTest.php" line="332" assertions="2" time="20.552728"/>
      <testcase name="testFuncionarioInvalidDeleteAction" class="FuncionarioControllerTest" file="/Users/eduardojunior/projetos/ieducar2/www/module/Portal/tests/src/Portal/Controller/FuncionarioControllerTest.php" line="365" assertions="2" time="19.382061"/>
      <testcase name="testFuncionarioDeleteAction" class="FuncionarioControllerTest" file="/Users/eduardojunior/projetos/ieducar2/www/module/Portal/tests/src/Portal/Controller/FuncionarioControllerTest.php" line="382" assertions="2" time="20.615161"/>
      <testcase name="testFuncionarioInvalidIdDeleteAction" class="FuncionarioControllerTest" file="/Users/eduardojunior/projetos/ieducar2/www/module/Portal/tests/src/Portal/Controller/FuncionarioControllerTest.php" line="424" assertions="2" time="19.437962"/>
    </testsuite>
    <testsuite name="Portal\Entity\FuncionarioTest" file="/Users/eduardojunior/projetos/ieducar2/www/module/Portal/tests/src/Portal/Entity/FuncionarioTest.php" tests="6" assertions="33" failures="0" errors="0" time="116.507255">
      <testcase name="testGetInputFilter" class="Portal\Entity\FuncionarioTest" file="/Users/eduardojunior/projetos/ieducar2/www/module/Portal/tests/src/Portal/Entity/FuncionarioTest.php" line="21" assertions="1" time="19.960693"/>
      <testcase name="testInputFilterValid" class="Portal\Entity\FuncionarioTest" file="/Users/eduardojunior/projetos/ieducar2/www/module/Portal/tests/src/Portal/Entity/FuncionarioTest.php" line="33" assertions="23" time="17.233426"/>
      <testcase name="testInsert" class="Portal\Entity\FuncionarioTest" file="/Users/eduardojunior/projetos/ieducar2/www/module/Portal/tests/src/Portal/Entity/FuncionarioTest.php" line="65" assertions="5" time="17.957535"/>
      <testcase name="testInputFilterInvalidMatricula" class="Portal\Entity\FuncionarioTest" file="/Users/eduardojunior/projetos/ieducar2/www/module/Portal/tests/src/Portal/Entity/FuncionarioTest.php" line="94" assertions="1" time="18.287632"/>
      <testcase name="testUpdate" class="Portal\Entity\FuncionarioTest" file="/Users/eduardojunior/projetos/ieducar2/www/module/Portal/tests/src/Portal/Entity/FuncionarioTest.php" line="109" assertions="2" time="21.479078"/>
      <testcase name="testDelete" class="Portal\Entity\FuncionarioTest" file="/Users/eduardojunior/projetos/ieducar2/www/module/Portal/tests/src/Portal/Entity/FuncionarioTest.php" line="134" assertions="1" time="21.588891"/>
    </testsuite>
  </testsuite>
</testsuites>
