<?xml version="1.0" encoding="UTF-8"?>
<testsuites>
  <testsuite name="Portal Test Suite" tests="15" assertions="93" failures="0" errors="0" time="13.702261">
    <testsuite name="FuncionarioControllerTest" file="/Users/eduardojunior/Websites/ieducar2/www/module/Portal/tests/src/Portal/Controller/FuncionarioControllerTest.php" tests="9" assertions="60" failures="0" errors="0" time="8.287189">
      <testcase name="testFuncionarioIndexAction" class="FuncionarioControllerTest" file="/Users/eduardojunior/Websites/ieducar2/www/module/Portal/tests/src/Portal/Controller/FuncionarioControllerTest.php" line="29" assertions="5" time="1.322047"/>
      <testcase name="testFuncionarioSaveActionNewRequest" class="FuncionarioControllerTest" file="/Users/eduardojunior/Websites/ieducar2/www/module/Portal/tests/src/Portal/Controller/FuncionarioControllerTest.php" line="81" assertions="22" time="1.034945"/>
      <testcase name="testFuncionarioSaveActionUpdateFormRequest" class="FuncionarioControllerTest" file="/Users/eduardojunior/Websites/ieducar2/www/module/Portal/tests/src/Portal/Controller/FuncionarioControllerTest.php" line="144" assertions="21" time="0.829865"/>
      <testcase name="testFuncionarioSaveActionPostRequest" class="FuncionarioControllerTest" file="/Users/eduardojunior/Websites/ieducar2/www/module/Portal/tests/src/Portal/Controller/FuncionarioControllerTest.php" line="221" assertions="2" time="0.834306"/>
      <testcase name="testFisicaUpdateAction" class="FuncionarioControllerTest" file="/Users/eduardojunior/Websites/ieducar2/www/module/Portal/tests/src/Portal/Controller/FuncionarioControllerTest.php" line="264" assertions="2" time="0.978802"/>
      <testcase name="testFuncionarioSaveActionInvalidPostRequest" class="FuncionarioControllerTest" file="/Users/eduardojunior/Websites/ieducar2/www/module/Portal/tests/src/Portal/Controller/FuncionarioControllerTest.php" line="312" assertions="2" time="0.814715"/>
      <testcase name="testFuncionarioInvalidDeleteAction" class="FuncionarioControllerTest" file="/Users/eduardojunior/Websites/ieducar2/www/module/Portal/tests/src/Portal/Controller/FuncionarioControllerTest.php" line="345" assertions="2" time="0.795429"/>
      <testcase name="testFuncionarioDeleteAction" class="FuncionarioControllerTest" file="/Users/eduardojunior/Websites/ieducar2/www/module/Portal/tests/src/Portal/Controller/FuncionarioControllerTest.php" line="362" assertions="2" time="0.816268"/>
      <testcase name="testFuncionarioInvalidIdDeleteAction" class="FuncionarioControllerTest" file="/Users/eduardojunior/Websites/ieducar2/www/module/Portal/tests/src/Portal/Controller/FuncionarioControllerTest.php" line="403" assertions="2" time="0.860812"/>
    </testsuite>
    <testsuite name="Portal\Entity\FuncionarioTest" file="/Users/eduardojunior/Websites/ieducar2/www/module/Portal/tests/src/Portal/Entity/FuncionarioTest.php" namespace="Portal\Entity" fullPackage="Portal.Entity" tests="6" assertions="33" failures="0" errors="0" time="5.415072">
      <testcase name="testGetInputFilter" class="Portal\Entity\FuncionarioTest" file="/Users/eduardojunior/Websites/ieducar2/www/module/Portal/tests/src/Portal/Entity/FuncionarioTest.php" line="21" assertions="1" time="0.829207"/>
      <testcase name="testInputFilterValid" class="Portal\Entity\FuncionarioTest" file="/Users/eduardojunior/Websites/ieducar2/www/module/Portal/tests/src/Portal/Entity/FuncionarioTest.php" line="33" assertions="23" time="0.891801"/>
      <testcase name="testInsert" class="Portal\Entity\FuncionarioTest" file="/Users/eduardojunior/Websites/ieducar2/www/module/Portal/tests/src/Portal/Entity/FuncionarioTest.php" line="64" assertions="5" time="0.941281"/>
      <testcase name="testInputFilterInvalidMatricula" class="Portal\Entity\FuncionarioTest" file="/Users/eduardojunior/Websites/ieducar2/www/module/Portal/tests/src/Portal/Entity/FuncionarioTest.php" line="90" assertions="1" time="0.844361"/>
      <testcase name="testUpdate" class="Portal\Entity\FuncionarioTest" file="/Users/eduardojunior/Websites/ieducar2/www/module/Portal/tests/src/Portal/Entity/FuncionarioTest.php" line="105" assertions="2" time="0.931507"/>
      <testcase name="testDelete" class="Portal\Entity\FuncionarioTest" file="/Users/eduardojunior/Websites/ieducar2/www/module/Portal/tests/src/Portal/Entity/FuncionarioTest.php" line="128" assertions="1" time="0.976915"/>
    </testsuite>
  </testsuite>
</testsuites>
